TN:
SF:/data4/ex-cc/artifacts/src/alternates_cache.rs
FN:53,AlternatesCache::new
FN:61,AlternatesCache::lookup
FN:90,AlternatesCache::invalidate
FN:100,resolve
FNF:4
FNDA:2,AlternatesCache::new
FNDA:2,AlternatesCache::lookup
FNDA:2,AlternatesCache::invalidate
FNDA:6,resolve
DA:53,2
DA:54,6
DA:61,2
DA:62,6
DA:63,15
DA:67,2
DA:68,8
DA:69,4
DA:70,2
DA:76,2
DA:77,4
DA:78,5
DA:79,2
DA:80,2
DA:82,2
DA:85,3
DA:90,2
DA:91,2
DA:92,4
DA:100,6
DA:101,2
DA:102,7
DA:103,4
DA:104,0
DA:106,3
DA:107,7
DA:108,7
DA:110,9
DA:111,3
DA:112,3
DA:113,3
DA:114,3
DA:115,0
DA:117,6
DA:118,3
DA:119,0
DA:121,6
DA:122,3
DA:123,3
LF:39
LH:36
end_of_record
TN:
SF:/data4/ex-cc/artifacts/src/app.rs
FN:273,serve
FN:922,drain_background_tasks
FN:951,check_bind_safety
FN:988,shutdown_signal
FN:1028,classify_shutdown_kind
FN:1049,emit_server_shutdown
FN:1078,spawn_shutdown_listener
FN:1093,ip_rate_limit_middleware
FN:1108,random_admin_token
FN:1126,init_tracing
FNF:10
FNDA:0,serve
FNDA:0,drain_background_tasks
FNDA:7,check_bind_safety
FNDA:0,shutdown_signal
FNDA:6,classify_shutdown_kind
FNDA:0,emit_server_shutdown
FNDA:0,spawn_shutdown_listener
FNDA:0,ip_rate_limit_middleware
FNDA:0,random_admin_token
FNDA:0,init_tracing
DA:273,0
DA:275,0
DA:276,0
DA:277,0
DA:278,0
DA:279,0
DA:280,0
DA:281,0
DA:282,0
DA:283,0
DA:284,0
DA:285,0
DA:286,0
DA:287,0
DA:288,0
DA:289,0
DA:290,0
DA:291,0
DA:292,0
DA:293,0
DA:294,0
DA:295,0
DA:296,0
DA:297,0
DA:298,0
DA:299,0
DA:306,0
DA:315,0
DA:316,0
DA:317,0
DA:318,0
DA:322,0
DA:323,0
DA:324,0
DA:325,0
DA:326,0
DA:327,0
DA:336,0
DA:337,0
DA:338,0
DA:340,0
DA:342,0
DA:343,0
DA:344,0
DA:346,0
DA:347,0
DA:348,0
DA:349,0
DA:351,0
DA:354,0
DA:359,0
DA:365,0
DA:367,0
DA:368,0
DA:369,0
DA:370,0
DA:371,0
DA:372,0
DA:373,0
DA:374,0
DA:375,0
DA:379,0
DA:389,0
DA:390,0
DA:391,0
DA:396,0
DA:398,0
DA:399,0
DA:405,0
DA:413,0
DA:414,0
DA:415,0
DA:416,0
DA:422,0
DA:423,0
DA:426,0
DA:432,0
DA:433,0
DA:434,0
DA:435,0
DA:437,0
DA:443,0
DA:444,0
DA:445,0
DA:450,0
DA:451,0
DA:452,0
DA:454,0
DA:460,0
DA:461,0
DA:462,0
DA:463,0
DA:464,0
DA:469,0
DA:471,0
DA:472,0
DA:474,0
DA:481,0
DA:482,0
DA:483,0
DA:485,0
DA:495,0
DA:498,0
DA:499,0
DA:501,0
DA:510,0
DA:512,0
DA:513,0
DA:514,0
DA:518,0
DA:519,0
DA:520,0
DA:521,0
DA:522,0
DA:529,0
DA:530,0
DA:531,0
DA:532,0
DA:533,0
DA:534,0
DA:537,0
DA:541,0
DA:544,0
DA:545,0
DA:546,0
DA:548,0
DA:556,0
DA:557,0
DA:558,0
DA:559,0
DA:560,0
DA:561,0
DA:563,0
DA:564,0
DA:565,0
DA:566,0
DA:567,0
DA:570,0
DA:571,0
DA:572,0
DA:581,0
DA:582,0
DA:583,0
DA:584,0
DA:585,0
DA:588,0
DA:590,0
DA:591,0
DA:593,0
DA:599,0
DA:600,0
DA:601,0
DA:602,0
DA:605,0
DA:606,0
DA:607,0
DA:609,0
DA:616,0
DA:617,0
DA:619,0
DA:626,0
DA:635,0
DA:636,0
DA:637,0
DA:638,0
DA:639,0
DA:640,0
DA:641,0
DA:642,0
DA:644,0
DA:650,0
DA:659,0
DA:666,0
DA:667,0
DA:668,0
DA:672,0
DA:673,0
DA:680,0
DA:684,0
DA:700,0
DA:701,0
DA:703,0
DA:704,0
DA:709,0
DA:721,0
DA:722,0
DA:723,0
DA:724,0
DA:725,0
DA:729,0
DA:730,0
DA:731,0
DA:734,0
DA:736,0
DA:739,0
DA:741,0
DA:744,0
DA:748,0
DA:752,0
DA:754,0
DA:755,0
DA:756,0
DA:757,0
DA:758,0
DA:759,0
DA:760,0
DA:761,0
DA:762,0
DA:765,0
DA:767,0
DA:768,0
DA:769,0
DA:772,0
DA:774,0
DA:775,0
DA:778,0
DA:780,0
DA:781,0
DA:782,0
DA:783,0
DA:786,0
DA:787,0
DA:789,0
DA:793,0
DA:796,0
DA:798,0
DA:804,0
DA:805,0
DA:808,0
DA:809,0
DA:810,0
DA:811,0
DA:814,0
DA:815,0
DA:816,0
DA:820,0
DA:821,0
DA:822,0
DA:823,0
DA:824,0
DA:825,0
DA:826,0
DA:827,0
DA:828,0
DA:829,0
DA:831,0
DA:832,0
DA:839,0
DA:841,0
DA:842,0
DA:843,0
DA:844,0
DA:845,0
DA:847,0
DA:848,0
DA:849,0
DA:850,0
DA:855,0
DA:856,0
DA:857,0
DA:859,0
DA:861,0
DA:862,0
DA:863,0
DA:864,0
DA:866,0
DA:868,0
DA:869,0
DA:876,0
DA:877,0
DA:879,0
DA:880,0
DA:881,0
DA:882,0
DA:884,0
DA:885,0
DA:887,0
DA:888,0
DA:889,0
DA:898,0
DA:899,0
DA:900,0
DA:902,0
DA:904,0
DA:905,0
DA:906,0
DA:907,0
DA:909,0
DA:911,0
DA:922,0
DA:927,0
DA:928,0
DA:929,0
DA:932,0
DA:933,0
DA:934,0
DA:935,0
DA:938,0
DA:939,0
DA:940,0
DA:942,0
DA:951,7
DA:957,7
DA:958,6
DA:959,2
DA:961,6
DA:962,2
DA:964,10
DA:965,5
DA:966,9
DA:967,2
DA:968,3
DA:970,3
DA:971,2
DA:973,2
DA:988,0
DA:995,0
DA:996,0
DA:999,0
DA:1000,0
DA:1003,0
DA:1007,0
DA:1015,0
DA:1016,0
DA:1017,0
DA:1021,0
DA:1023,0
DA:1028,6
DA:1032,6
DA:1033,2
DA:1035,9
DA:1036,2
DA:1038,4
DA:1039,5
DA:1040,2
DA:1042,3
DA:1049,0
DA:1056,0
DA:1057,0
DA:1059,0
DA:1064,0
DA:1065,0
DA:1068,0
DA:1071,0
DA:1073,0
DA:1078,0
DA:1085,0
DA:1086,0
DA:1087,0
DA:1093,0
DA:1100,0
DA:1101,0
DA:1102,0
DA:1105,0
DA:1108,0
DA:1111,0
DA:1112,0
DA:1113,0
DA:1126,0
DA:1130,0
DA:1131,0
DA:1132,0
DA:1134,0
DA:1135,0
DA:1136,0
DA:1138,0
DA:1139,0
DA:1140,0
DA:1143,0
DA:1144,0
DA:1145,0
DA:1147,0
DA:1150,0
DA:1151,0
DA:1152,0
DA:1155,0
DA:1158,0
DA:1162,0
DA:1163,0
DA:1164,0
DA:1165,0
DA:1166,0
DA:1169,0
LF:383
LH:23
end_of_record
TN:
SF:/data4/ex-cc/artifacts/src/audit.rs
FN:64,hash_row
FN:156,AuditStore::verify_chain
FN:163,AuditStore::probe_write
FN:248,<impl AuditStore for SqliteAuditStore>::record
FN:285,<impl AuditStore for SqliteAuditStore>::list
FN:342,<impl AuditStore for SqliteAuditStore>::count
FN:348,<impl AuditStore for SqliteAuditStore>::prune_older_than
FN:355,<impl AuditStore for SqliteAuditStore>::probe_write
FN:365,<impl AuditStore for SqliteAuditStore>::verify_chain
FN:431,spawn_prune_task
FN:472,refresh_events_stored_gauge
FN:483,spawn_events_stored_gauge_refresher
FN:511,record
FN:534,record_silent
FN:568,now_unix_secs
FNF:15
FNDA:2,hash_row
FNDA:0,AuditStore::verify_chain
FNDA:30,AuditStore::probe_write
FNDA:11,<impl AuditStore for SqliteAuditStore>::record
FNDA:15,<impl AuditStore for SqliteAuditStore>::list
FNDA:12,<impl AuditStore for SqliteAuditStore>::count
FNDA:12,<impl AuditStore for SqliteAuditStore>::prune_older_than
FNDA:0,<impl AuditStore for SqliteAuditStore>::probe_write
FNDA:28,<impl AuditStore for SqliteAuditStore>::verify_chain
FNDA:0,spawn_prune_task
FNDA:0,refresh_events_stored_gauge
FNDA:0,spawn_events_stored_gauge_refresher
FNDA:2,record
FNDA:2,record_silent
FNDA:2,now_unix_secs
DA:64,2
DA:65,2
DA:66,2
DA:67,2
DA:68,2
DA:69,2
DA:70,2
DA:71,2
DA:72,2
DA:73,2
DA:79,2
DA:80,2
DA:81,2
DA:82,2
DA:83,2
DA:156,0
DA:157,0
DA:163,30
DA:164,6
DA:248,11
DA:249,6
DA:257,6
DA:263,7
DA:265,9
DA:266,9
DA:267,8
DA:271,10
DA:275,4
DA:282,3
DA:285,15
DA:286,7
DA:287,10
DA:295,5
DA:296,3
DA:297,2
DA:298,2
DA:300,8
DA:301,2
DA:302,2
DA:304,6
DA:305,2
DA:306,2
DA:308,7
DA:309,2
DA:310,2
DA:312,6
DA:313,2
DA:314,2
DA:316,5
DA:317,5
DA:318,5
DA:320,5
DA:321,23
DA:322,16
DA:323,3
DA:324,2
DA:325,8
DA:326,2
DA:327,10
DA:328,10
DA:329,0
DA:330,7
DA:331,7
DA:332,7
DA:335,4
DA:336,15
DA:337,10
DA:339,3
DA:342,12
DA:343,2
DA:344,9
DA:345,2
DA:348,12
DA:349,2
DA:350,4
DA:352,2
DA:355,0
DA:356,0
DA:357,0
DA:362,0
DA:365,28
DA:366,7
DA:367,14
DA:374,16
DA:375,8
DA:376,5
DA:377,16
DA:378,14
DA:381,7
DA:382,7
DA:383,11
DA:384,12
DA:387,7
DA:388,8
DA:390,8
DA:391,8
DA:394,12
DA:395,2
DA:396,4
DA:400,8
DA:401,8
DA:402,6
DA:406,3
DA:407,3
DA:409,2
DA:431,0
DA:437,0
DA:438,0
DA:439,0
DA:441,0
DA:442,0
DA:444,0
DA:446,0
DA:447,0
DA:448,0
DA:449,0
DA:451,0
DA:452,0
DA:454,0
DA:456,0
DA:472,0
DA:473,0
DA:474,0
DA:475,0
DA:483,0
DA:488,0
DA:489,0
DA:493,0
DA:495,0
DA:496,0
DA:497,0
DA:511,2
DA:519,3
DA:526,4
DA:534,2
DA:553,4
DA:556,2
DA:557,2
DA:558,2
DA:559,2
DA:560,2
DA:563,6
DA:564,0
DA:568,2
DA:569,2
DA:571,4
LF:146
LH:112
end_of_record
TN:
SF:/data4/ex-cc/artifacts/src/auth.rs
FN:48,Principal::subject
FN:61,Principal::audit_label
FN:73,basic_token
FN:114,authorize_git
FN:155,authorize_rest
FNF:5
FNDA:2,Principal::subject
FNDA:3,Principal::audit_label
FNDA:0,basic_token
FNDA:0,authorize_git
FNDA:2,authorize_rest
DA:48,2
DA:49,2
DA:50,2
DA:51,2
DA:61,3
DA:62,5
DA:63,3
DA:64,0
DA:73,0
DA:74,0
DA:76,0
DA:78,0
DA:79,0
DA:81,0
DA:82,0
DA:83,0
DA:85,0
DA:86,0
DA:114,0
DA:120,0
DA:121,0
DA:122,0
DA:123,0
DA:124,0
DA:125,0
DA:126,0
DA:127,0
DA:129,0
DA:130,0
DA:132,0
DA:155,2
DA:162,7
DA:164,4
DA:166,0
DA:167,3
DA:171,5
DA:172,4
DA:174,2
DA:178,2
DA:186,8
DA:187,4
DA:190,4
DA:191,2
DA:192,2
DA:198,3
LF:45
LH:21
end_of_record
TN:
SF:/data4/ex-cc/artifacts/src/blocking.rs
FN:30,run_blocking
FNF:1
FNDA:4,run_blocking
DA:30,4
DA:35,8
DA:36,8
DA:37,2
LF:4
LH:4
end_of_record
TN:
SF:/data4/ex-cc/artifacts/src/commits.rs
FN:69,default_mode
FN:111,create_commit
FN:341,build_and_write_commit
FN:459,valid_branch_name
FN:495,valid_path
FN:531,validate_sha
FNF:6
FNDA:0,default_mode
FNDA:0,create_commit
FNDA:0,build_and_write_commit
FNDA:3,valid_branch_name
FNDA:2,valid_path
FNDA:0,validate_sha
DA:69,0
DA:70,0
DA:111,0
DA:118,0
DA:119,0
DA:120,0
DA:121,0
DA:122,0
DA:124,0
DA:125,0
DA:126,0
DA:127,0
DA:129,0
DA:135,0
DA:136,0
DA:137,0
DA:139,0
DA:140,0
DA:145,0
DA:146,0
DA:147,0
DA:148,0
DA:150,0
DA:151,0
DA:155,0
DA:156,0
DA:157,0
DA:164,0
DA:165,0
DA:173,0
DA:174,0
DA:175,0
DA:184,0
DA:185,0
DA:186,0
DA:187,0
DA:188,0
DA:194,0
DA:196,0
DA:200,0
DA:201,0
DA:202,0
DA:203,0
DA:206,0
DA:207,0
DA:209,0
DA:213,0
DA:214,0
DA:215,0
DA:218,0
DA:220,0
DA:221,0
DA:228,0
DA:229,0
DA:230,0
DA:231,0
DA:232,0
DA:236,0
DA:237,0
DA:238,0
DA:239,0
DA:245,0
DA:246,0
DA:247,0
DA:248,0
DA:249,0
DA:250,0
DA:251,0
DA:252,0
DA:255,0
DA:263,0
DA:264,0
DA:265,0
DA:269,0
DA:270,0
DA:271,0
DA:272,0
DA:274,0
DA:277,0
DA:278,0
DA:283,0
DA:284,0
DA:285,0
DA:286,0
DA:294,0
DA:296,0
DA:297,0
DA:298,0
DA:301,0
DA:302,0
DA:303,0
DA:304,0
DA:341,0
DA:342,0
DA:343,0
DA:344,0
DA:345,0
DA:346,0
DA:347,0
DA:348,0
DA:351,0
DA:352,0
DA:355,0
DA:356,0
DA:357,0
DA:358,0
DA:360,0
DA:362,0
DA:363,0
DA:365,0
DA:368,0
DA:371,0
DA:372,0
DA:373,0
DA:375,0
DA:376,0
DA:377,0
DA:378,0
DA:379,0
DA:380,0
DA:382,0
DA:383,0
DA:384,0
DA:386,0
DA:387,0
DA:388,0
DA:389,0
DA:394,0
DA:396,0
DA:403,0
DA:405,0
DA:408,0
DA:409,0
DA:416,0
DA:417,0
DA:418,0
DA:419,0
DA:420,0
DA:422,0
DA:428,0
DA:430,0
DA:432,0
DA:434,0
DA:436,0
DA:439,0
DA:459,3
DA:460,3
DA:461,3
DA:462,4
DA:463,4
DA:464,4
DA:465,4
DA:466,4
DA:467,4
DA:468,4
DA:470,2
DA:472,8
DA:475,4
DA:476,4
DA:478,2
DA:482,6
DA:483,8
DA:484,2
DA:487,2
DA:495,2
DA:496,5
DA:497,2
DA:499,3
DA:500,2
DA:503,6
DA:504,15
DA:505,2
DA:510,5
DA:511,2
DA:513,9
DA:514,5
DA:515,5
DA:517,2
DA:523,4
DA:524,2
DA:525,0
DA:528,2
DA:531,0
DA:532,0
DA:533,0
DA:535,0
LF:186
LH:36
end_of_record
TN:
SF:/data4/ex-cc/artifacts/src/config.rs
FN:77,Config::new
FN:106,Config::jwt_expected_aud
FN:112,Config::jwt_expected_iss
FN:120,Config::jwt_secret
FN:138,Config::rotate_jwt_secret
FN:142,Config::repos_dir
FN:148,Config::admin_token
FN:161,Config::rotate_admin_token
FNF:8
FNDA:2,Config::new
FNDA:2,Config::jwt_expected_aud
FNDA:2,Config::jwt_expected_iss
FNDA:2,Config::jwt_secret
FNDA:0,Config::rotate_jwt_secret
FNDA:2,Config::repos_dir
FNDA:2,Config::admin_token
FNDA:2,Config::rotate_admin_token
DA:77,2
DA:92,2
DA:93,2
DA:106,2
DA:107,2
DA:112,2
DA:113,4
DA:120,2
DA:127,5
DA:129,0
DA:138,0
DA:139,0
DA:142,2
DA:143,2
DA:148,2
DA:151,4
DA:153,0
DA:161,2
DA:162,2
LF:19
LH:15
end_of_record
TN:
SF:/data4/ex-cc/artifacts/src/db_migrate.rs
FN:64,run
FN:115,open_with_migrations
FN:149,open_pool_with_migrations
FN:241,add_column_if_missing
FNF:4
FNDA:2,run
FNDA:10,open_with_migrations
FNDA:10,open_pool_with_migrations
FNDA:2,add_column_if_missing
DA:64,2
DA:65,2
DA:74,4
DA:77,3
DA:78,16
DA:81,8
DA:82,4
DA:85,4
DA:86,4
DA:88,8
DA:90,4
DA:93,4
DA:95,4
DA:102,4
DA:115,10
DA:120,4
DA:127,30
DA:131,7
DA:132,2
DA:149,10
DA:158,10
DA:160,12
DA:166,6
DA:172,48
DA:174,21
DA:175,0
DA:202,18
DA:203,8
DA:204,19
DA:214,0
DA:220,9
DA:224,10
DA:241,2
DA:247,2
DA:248,4
DA:249,4
DA:250,4
DA:251,6
DA:252,2
DA:253,2
DA:254,4
DA:258,2
LF:42
LH:40
end_of_record
TN:
SF:/data4/ex-cc/artifacts/src/error.rs
FN:127,Error::is_retryable_db
FN:166,<impl From for Error>::from
FN:176,<impl IntoResponse for Error>::into_response
FNF:3
FNDA:3,Error::is_retryable_db
FNDA:0,<impl From for Error>::from
FNDA:2,<impl IntoResponse for Error>::into_response
DA:123,0
DA:127,3
DA:128,6
DA:129,3
DA:130,2
DA:131,2
DA:132,2
DA:133,0
DA:139,0
DA:141,0
DA:142,0
DA:143,0
DA:147,0
DA:148,0
DA:149,0
DA:153,0
DA:154,0
DA:155,0
DA:159,0
DA:160,0
DA:161,0
DA:165,0
DA:166,0
DA:171,0
DA:175,0
DA:176,2
DA:177,4
DA:178,2
DA:179,0
DA:180,0
DA:181,0
DA:182,2
DA:184,2
DA:185,2
DA:186,2
DA:191,4
DA:192,4
DA:193,0
DA:194,0
DA:195,4
DA:196,0
DA:197,0
DA:200,2
DA:202,0
DA:211,0
DA:212,0
DA:213,0
DA:214,0
DA:215,0
DA:216,0
DA:217,0
DA:218,0
DA:221,0
DA:223,2
DA:227,4
DA:228,4
DA:229,0
DA:230,0
DA:231,4
DA:232,0
DA:235,2
DA:236,10
DA:237,4
DA:239,2
DA:241,2
DA:248,6
DA:249,0
DA:250,0
DA:251,4
DA:252,0
DA:253,0
DA:254,0
DA:257,2
DA:259,2
DA:264,8
DA:265,0
DA:266,0
DA:267,4
DA:268,2
DA:269,4
DA:270,4
DA:272,2
DA:273,2
DA:276,2
DA:278,6
DA:286,4
DA:287,0
DA:288,2
DA:289,0
DA:290,0
DA:291,0
DA:292,0
DA:293,0
DA:294,0
DA:296,0
DA:297,4
DA:298,0
DA:301,0
DA:303,0
DA:307,6
DA:308,2
DA:310,5
DA:315,6
DA:316,4
DA:317,2
DA:318,0
DA:319,2
DA:322,2
DA:323,4
DA:324,4
DA:325,2
DA:327,0
DA:328,6
DA:329,2
DA:341,8
DA:342,10
DA:344,6
DA:346,6
DA:347,2
DA:348,2
DA:349,4
DA:350,4
DA:351,4
DA:354,2
LF:124
LH:65
end_of_record
TN:
SF:/data4/ex-cc/artifacts/src/events.rs
FN:56,EventBus::new
FN:63,EventBus::publish
FN:68,EventBus::subscribe
FN:74,<impl Default for EventBus>::default
FN:132,EventKind::as_str
FN:142,Event::commit
FN:156,Event::fork
FN:163,Event::status
FN:177,now_ms
FN:191,sse_stream
FNF:10
FNDA:4,EventBus::new
FNDA:2,EventBus::publish
FNDA:2,EventBus::subscribe
FNDA:0,<impl Default for EventBus>::default
FNDA:2,EventKind::as_str
FNDA:2,Event::commit
FNDA:0,Event::fork
FNDA:2,Event::status
FNDA:2,now_ms
FNDA:0,sse_stream
DA:56,4
DA:57,4
DA:63,2
DA:65,2
DA:68,2
DA:69,2
DA:74,0
DA:75,0
DA:132,2
DA:133,2
DA:134,2
DA:135,2
DA:136,0
DA:142,2
DA:149,2
DA:150,2
DA:151,2
DA:152,2
DA:153,2
DA:156,0
DA:158,0
DA:159,0
DA:160,0
DA:163,2
DA:169,2
DA:170,2
DA:171,2
DA:172,2
DA:177,2
DA:178,2
DA:180,4
DA:191,0
DA:197,0
DA:198,0
DA:199,0
DA:200,0
DA:202,0
DA:203,0
DA:204,0
DA:206,0
DA:207,0
DA:212,0
DA:213,0
DA:214,0
DA:222,0
LF:45
LH:24
end_of_record
TN:
SF:/data4/ex-cc/artifacts/src/gc.rs
FN:126,preview
FN:191,run
FN:276,network_around
FN:306,rev_list_objects
FN:344,run_sweep
FN:416,spawn_periodic_sweep
FNF:6
FNDA:2,preview
FNDA:2,run
FNDA:4,network_around
FNDA:5,rev_list_objects
FNDA:2,run_sweep
FNDA:2,spawn_periodic_sweep
DA:126,2
DA:132,4
DA:133,10
DA:134,5
DA:136,5
DA:137,16
DA:138,10
DA:139,18
DA:140,12
DA:144,6
DA:145,10
DA:147,3
DA:148,4
DA:149,3
DA:150,7
DA:151,8
DA:152,3
DA:153,6
DA:154,6
DA:155,3
DA:160,3
DA:161,3
DA:162,3
DA:163,3
DA:164,5
DA:165,3
DA:166,5
DA:191,2
DA:198,2
DA:199,5
DA:201,5
DA:203,2
DA:209,3
DA:210,5
DA:214,2
DA:215,5
DA:216,9
DA:217,6
DA:221,3
DA:222,2
DA:223,3
DA:224,2
DA:225,5
DA:233,3
DA:234,4
DA:235,4
DA:242,6
DA:244,2
DA:245,4
DA:246,5
DA:251,0
DA:254,0
DA:258,5
DA:263,2
DA:264,2
DA:265,3
DA:266,2
DA:267,3
DA:276,4
DA:277,4
DA:278,6
DA:280,6
DA:281,6
DA:285,6
DA:286,4
DA:287,0
DA:292,13
DA:293,4
DA:294,4
DA:299,5
DA:306,5
DA:307,5
DA:308,10
DA:309,6
DA:312,0
DA:314,0
DA:317,12
DA:318,6
DA:319,12
DA:320,12
DA:321,18
DA:322,6
DA:325,6
DA:344,2
DA:350,2
DA:351,2
DA:352,0
DA:353,0
DA:360,2
DA:361,2
DA:362,2
DA:363,6
DA:364,2
DA:365,4
DA:368,4
DA:374,2
DA:375,2
DA:378,2
DA:381,2
DA:382,4
DA:383,2
DA:384,2
DA:385,4
DA:387,0
DA:390,0
DA:397,2
DA:398,4
DA:405,4
DA:416,2
DA:424,6
DA:425,2
DA:428,6
DA:429,2
DA:430,12
DA:431,2
DA:432,4
DA:433,4
DA:434,2
DA:438,8
DA:439,4
DA:441,12
DA:443,2
LF:122
LH:113
end_of_record
TN:
SF:/data4/ex-cc/artifacts/src/git_cmd.rs
FN:32,async_cmd
FN:39,sync_cmd
FN:60,run_git
FN:114,pack_handler_advertise
FN:134,pack_handler_serve
FN:155,pack_objects_revs
FN:182,unpack_objects
FN:208,rev_list_objects_all
FN:231,rev_list_check_connected
FNF:9
FNDA:3,async_cmd
FNDA:4,sync_cmd
FNDA:3,run_git
FNDA:0,pack_handler_advertise
FNDA:0,pack_handler_serve
FNDA:0,pack_objects_revs
FNDA:0,unpack_objects
FNDA:5,rev_list_objects_all
FNDA:2,rev_list_check_connected
DA:32,3
DA:33,2
DA:39,4
DA:40,3
DA:60,3
DA:66,2
DA:67,5
DA:68,4
DA:69,2
DA:70,0
DA:72,4
DA:73,2
DA:74,0
DA:76,6
DA:78,7
DA:79,4
DA:80,0
DA:81,0
DA:82,0
DA:84,4
DA:85,2
DA:86,6
DA:87,13
DA:89,7
DA:90,10
DA:92,9
DA:93,4
DA:114,0
DA:119,0
DA:120,0
DA:122,0
DA:123,0
DA:125,0
DA:126,0
DA:127,0
DA:128,0
DA:134,0
DA:139,0
DA:140,0
DA:141,0
DA:142,0
DA:144,0
DA:145,0
DA:146,0
DA:147,0
DA:155,0
DA:156,0
DA:157,0
DA:164,0
DA:165,0
DA:166,0
DA:167,0
DA:182,0
DA:183,0
DA:184,0
DA:186,0
DA:194,0
DA:195,0
DA:196,0
DA:197,0
DA:208,5
DA:209,2
DA:210,12
DA:212,2
DA:213,2
DA:231,2
DA:235,2
DA:236,4
DA:240,2
DA:241,4
DA:243,2
DA:244,6
DA:245,2
DA:246,2
DA:247,2
DA:248,4
DA:249,8
DA:250,14
DA:252,9
DA:253,4
LF:80
LH:42
end_of_record
TN:
SF:/data4/ex-cc/artifacts/src/git_wire/proto.rs
FN:46,V2FetchRequest::is_simple
FN:68,RefUpdate::is_create
FN:71,RefUpdate::is_delete
FN:97,ReceivePackRequest::is_simple
FN:120,parse_ls_refs_only
FN:202,is_known_capability
FN:212,parse_v2_fetch
FN:288,is_hex40
FN:298,parse_receive_pack_body
FNF:9
FNDA:4,V2FetchRequest::is_simple
FNDA:2,RefUpdate::is_create
FNDA:2,RefUpdate::is_delete
FNDA:2,ReceivePackRequest::is_simple
FNDA:5,parse_ls_refs_only
FNDA:2,is_known_capability
FNDA:2,parse_v2_fetch
FNDA:2,is_hex40
FNDA:2,parse_receive_pack_body
DA:46,4
DA:50,4
DA:68,2
DA:69,2
DA:71,2
DA:72,2
DA:97,2
DA:103,3
DA:104,2
DA:106,2
DA:107,2
DA:109,2
DA:120,5
DA:121,5
DA:124,6
DA:125,2
DA:126,0
DA:128,4
DA:129,2
DA:130,2
DA:135,3
DA:136,6
DA:137,2
DA:139,2
DA:144,2
DA:147,2
DA:150,2
DA:151,2
DA:152,2
DA:153,0
DA:156,0
DA:159,2
DA:160,0
DA:164,2
DA:165,2
DA:166,2
DA:167,4
DA:168,4
DA:170,2
DA:171,2
DA:172,2
DA:173,2
DA:176,2
DA:177,4
DA:178,4
DA:179,2
DA:180,6
DA:181,2
DA:182,4
DA:183,4
DA:184,4
DA:190,2
DA:193,0
DA:196,0
DA:202,2
DA:203,4
DA:204,2
DA:205,0
DA:212,2
DA:213,2
DA:215,4
DA:216,2
DA:217,0
DA:219,2
DA:220,2
DA:221,2
DA:224,2
DA:225,5
DA:226,2
DA:228,2
DA:233,0
DA:235,3
DA:236,3
DA:237,2
DA:238,0
DA:241,0
DA:244,4
DA:245,0
DA:248,5
DA:249,10
DA:250,10
DA:251,4
DA:252,5
DA:253,10
DA:254,5
DA:255,4
DA:256,2
DA:258,3
DA:259,8
DA:260,4
DA:261,0
DA:263,2
DA:264,11
DA:265,2
DA:266,9
DA:267,2
DA:268,10
DA:279,2
DA:282,0
DA:285,0
DA:288,2
DA:289,3
DA:298,2
DA:300,2
DA:304,2
DA:307,2
DA:308,2
DA:310,6
DA:311,2
DA:312,0
DA:314,2
DA:316,2
DA:319,2
DA:320,5
DA:322,5
DA:323,2
DA:324,2
DA:326,2
DA:327,4
DA:328,0
DA:330,4
DA:331,2
DA:332,3
DA:333,4
DA:334,0
DA:336,2
DA:337,3
DA:338,2
DA:339,3
DA:341,4
DA:342,5
DA:343,6
DA:345,8
DA:346,8
DA:352,4
DA:354,5
DA:355,5
DA:356,4
DA:357,2
DA:359,2
DA:360,2
DA:361,0
DA:362,0
DA:366,0
DA:371,0
DA:379,2
DA:381,2
DA:383,2
DA:385,0
DA:389,4
DA:390,2
LF:151
LH:128
end_of_record
TN:
SF:/data4/ex-cc/artifacts/src/git_wire/v2.rs
FN:40,native_v2_fetch_response
FN:96,generate_pack_via_pack_objects
FN:167,native_ls_refs_response
FNF:3
FNDA:2,native_v2_fetch_response
FNDA:0,generate_pack_via_pack_objects
FNDA:2,native_ls_refs_response
DA:40,2
DA:49,4
DA:50,4
DA:51,2
DA:52,8
DA:53,4
DA:55,8
DA:56,2
DA:57,2
DA:58,0
DA:62,0
DA:63,0
DA:68,4
DA:69,2
DA:75,2
DA:76,4
DA:77,2
DA:78,2
DA:79,2
DA:81,2
DA:83,8
DA:86,2
DA:87,4
DA:88,0
DA:96,0
DA:101,0
DA:104,0
DA:105,0
DA:106,0
DA:107,0
DA:109,0
DA:110,0
DA:111,0
DA:112,0
DA:114,0
DA:115,0
DA:116,0
DA:117,0
DA:118,0
DA:122,0
DA:123,0
DA:124,0
DA:125,0
DA:126,0
DA:127,0
DA:129,0
DA:130,0
DA:131,0
DA:132,0
DA:135,0
DA:136,0
DA:137,0
DA:138,0
DA:139,0
DA:143,0
DA:145,0
DA:148,0
DA:167,2
DA:172,2
DA:178,4
DA:179,10
DA:180,2
DA:183,4
DA:189,6
DA:191,2
DA:192,6
DA:193,2
DA:194,4
DA:195,2
DA:196,2
DA:197,6
DA:200,0
DA:201,0
DA:202,0
DA:203,0
DA:204,0
DA:207,2
DA:214,2
DA:215,4
DA:216,2
DA:217,2
DA:218,4
DA:225,6
DA:226,4
DA:227,4
DA:228,6
DA:229,4
DA:230,0
DA:232,2
DA:237,4
DA:238,2
DA:239,2
DA:240,2
DA:246,4
DA:247,4
DA:248,2
DA:249,4
DA:250,2
DA:252,4
DA:254,2
DA:256,8
DA:259,2
DA:260,4
DA:261,0
LF:104
LH:60
end_of_record
TN:
SF:/data4/ex-cc/artifacts/src/ids.rs
FN:90,RepoId::as_str
FN:97,RepoId::into_inner
FN:103,<impl AsRef for RepoId>::as_ref
FN:109,<impl Display for RepoId>::fmt
FN:124,<impl TryFrom for RepoId>::try_from
FN:156,Oid::as_str
FN:159,Oid::into_inner
FN:165,<impl AsRef for Oid>::as_ref
FN:171,<impl Display for Oid>::fmt
FN:192,<impl TryFrom for Oid>::try_from
FN:212,RefName::as_str
FN:215,RefName::into_inner
FN:222,RefName::starts_with
FN:228,<impl AsRef for RefName>::as_ref
FN:234,<impl Display for RefName>::fmt
FN:239,valid_ref_name
FN:285,<impl TryFrom for RefName>::try_from
FN:304,Token::as_str
FN:307,Token::into_inner
FN:313,<impl AsRef for Token>::as_ref
FN:322,<impl Debug for Token>::fmt
FN:328,<impl Display for Token>::fmt
FN:351,<impl TryFrom for Token>::try_from
FN:365,<impl From for String>::from
FN:371,Subject::as_str
FN:374,Subject::into_inner
FN:380,<impl AsRef for Subject>::as_ref
FN:386,<impl Display for Subject>::fmt
FN:403,<impl TryFrom for Subject>::try_from
FNF:29
FNDA:5,RepoId::as_str
FNDA:0,RepoId::into_inner
FNDA:0,<impl AsRef for RepoId>::as_ref
FNDA:3,<impl Display for RepoId>::fmt
FNDA:2,<impl TryFrom for RepoId>::try_from
FNDA:2,Oid::as_str
FNDA:2,Oid::into_inner
FNDA:0,<impl AsRef for Oid>::as_ref
FNDA:2,<impl Display for Oid>::fmt
FNDA:2,<impl TryFrom for Oid>::try_from
FNDA:4,RefName::as_str
FNDA:2,RefName::into_inner
FNDA:2,RefName::starts_with
FNDA:0,<impl AsRef for RefName>::as_ref
FNDA:2,<impl Display for RefName>::fmt
FNDA:3,valid_ref_name
FNDA:2,<impl TryFrom for RefName>::try_from
FNDA:4,Token::as_str
FNDA:0,Token::into_inner
FNDA:0,<impl AsRef for Token>::as_ref
FNDA:2,<impl Debug for Token>::fmt
FNDA:2,<impl Display for Token>::fmt
FNDA:2,<impl TryFrom for Token>::try_from
FNDA:0,<impl From for String>::from
FNDA:2,Subject::as_str
FNDA:2,Subject::into_inner
FNDA:0,<impl AsRef for Subject>::as_ref
FNDA:0,<impl Display for Subject>::fmt
FNDA:2,<impl TryFrom for Subject>::try_from
DA:84,2
DA:85,2
DA:90,5
DA:91,3
DA:97,0
DA:98,0
DA:103,0
DA:104,0
DA:109,3
DA:110,3
DA:116,2
DA:117,2
DA:118,2
DA:124,2
DA:125,4
DA:126,2
DA:150,2
DA:151,2
DA:156,2
DA:157,2
DA:159,2
DA:160,2
DA:165,0
DA:166,0
DA:171,2
DA:172,2
DA:178,2
DA:179,4
DA:180,2
DA:181,4
DA:183,2
DA:185,2
DA:192,2
DA:193,4
DA:206,0
DA:207,0
DA:212,4
DA:213,4
DA:215,2
DA:216,2
DA:222,2
DA:223,2
DA:228,0
DA:229,0
DA:234,2
DA:235,2
DA:239,3
DA:244,3
DA:245,2
DA:247,3
DA:248,2
DA:249,2
DA:250,3
DA:251,3
DA:252,3
DA:253,3
DA:254,2
DA:256,2
DA:258,4
DA:259,2
DA:260,2
DA:262,2
DA:264,5
DA:265,6
DA:266,0
DA:269,2
DA:274,2
DA:275,4
DA:276,2
DA:278,2
DA:285,2
DA:286,4
DA:298,2
DA:299,2
DA:304,4
DA:305,5
DA:307,0
DA:308,0
DA:313,0
DA:314,0
DA:322,2
DA:323,2
DA:328,2
DA:329,2
DA:335,2
DA:336,2
DA:337,2
DA:339,2
DA:342,6
DA:343,2
DA:345,2
DA:351,2
DA:352,4
DA:365,0
DA:366,0
DA:371,2
DA:372,2
DA:374,2
DA:375,2
DA:380,0
DA:381,0
DA:386,0
DA:387,0
DA:393,2
DA:394,4
DA:395,2
DA:397,2
DA:403,2
DA:404,4
LF:109
LH:88
end_of_record
TN:
SF:/data4/ex-cc/artifacts/src/ip_rate_limit.rs
FN:55,IpRateLimiter::with_defaults
FN:64,IpRateLimiter::check
FN:94,IpRateLimiter::evict_stale
FN:100,IpRateLimiter::peek
FN:106,spawn_cleanup
FNF:5
FNDA:3,IpRateLimiter::with_defaults
FNDA:2,IpRateLimiter::check
FNDA:2,IpRateLimiter::evict_stale
FNDA:2,IpRateLimiter::peek
FNDA:0,spawn_cleanup
DA:55,3
DA:58,2
DA:64,2
DA:65,4
DA:66,9
DA:67,4
DA:68,5
DA:71,6
DA:72,2
DA:73,5
DA:74,5
DA:76,2
DA:77,5
DA:78,2
DA:79,3
DA:82,7
DA:83,4
DA:94,2
DA:95,2
DA:96,4
DA:100,2
DA:101,6
DA:106,0
DA:112,0
DA:113,0
DA:115,0
DA:116,0
DA:117,0
LF:28
LH:22
end_of_record
TN:
SF:/data4/ex-cc/artifacts/src/jwt.rs
FN:67,Claims::subject
FN:82,verify
FNF:2
FNDA:2,Claims::subject
FNDA:2,verify
DA:67,2
DA:68,2
DA:82,2
DA:88,3
DA:91,5
DA:97,3
DA:103,3
DA:104,2
DA:105,2
DA:106,2
DA:108,3
DA:112,6
DA:113,2
DA:114,2
DA:116,6
DA:120,3
DA:123,10
DA:126,2
DA:127,2
DA:129,2
LF:20
LH:20
end_of_record
TN:
SF:/data4/ex-cc/artifacts/src/main.rs
FN:27,main
FNF:1
FNDA:0,main
DA:27,0
DA:33,0
DA:34,0
DA:35,0
DA:37,0
LF:5
LH:0
end_of_record
TN:
SF:/data4/ex-cc/artifacts/src/merge.rs
FN:94,merge_branches
FN:351,resolve_ref
FN:373,is_ancestor
FN:393,tree_of
FN:421,run_merge_tree
FNF:5
FNDA:2,merge_branches
FNDA:0,resolve_ref
FNDA:0,is_ancestor
FNDA:0,tree_of
FNDA:0,run_merge_tree
DA:94,2
DA:101,2
DA:102,4
DA:103,2
DA:104,2
DA:105,2
DA:107,2
DA:108,2
DA:109,4
DA:110,2
DA:112,4
DA:113,2
DA:114,4
DA:119,0
DA:120,0
DA:125,0
DA:126,0
DA:127,0
DA:131,0
DA:132,0
DA:133,0
DA:136,0
DA:137,0
DA:139,0
DA:145,0
DA:148,0
DA:149,0
DA:150,0
DA:155,0
DA:156,0
DA:157,0
DA:158,0
DA:159,0
DA:160,0
DA:162,0
DA:163,0
DA:171,0
DA:172,0
DA:173,0
DA:175,0
DA:176,0
DA:177,0
DA:178,0
DA:179,0
DA:180,0
DA:181,0
DA:183,0
DA:187,0
DA:188,0
DA:189,0
DA:190,0
DA:192,0
DA:195,0
DA:200,0
DA:201,0
DA:202,0
DA:203,0
DA:204,0
DA:205,0
DA:206,0
DA:209,0
DA:210,0
DA:211,0
DA:213,0
DA:214,0
DA:217,0
DA:218,0
DA:219,0
DA:220,0
DA:228,0
DA:229,0
DA:230,0
DA:241,0
DA:242,0
DA:246,0
DA:247,0
DA:248,0
DA:249,0
DA:250,0
DA:251,0
DA:252,0
DA:260,0
DA:263,0
DA:264,0
DA:265,0
DA:266,0
DA:267,0
DA:268,0
DA:271,0
DA:272,0
DA:273,0
DA:274,0
DA:275,0
DA:277,0
DA:279,0
DA:281,0
DA:283,0
DA:285,0
DA:287,0
DA:288,0
DA:289,0
DA:291,0
DA:294,0
DA:297,0
DA:298,0
DA:299,0
DA:300,0
DA:301,0
DA:305,0
DA:306,0
DA:307,0
DA:308,0
DA:310,0
DA:313,0
DA:314,0
DA:319,0
DA:320,0
DA:321,0
DA:322,0
DA:330,0
DA:331,0
DA:332,0
DA:333,0
DA:334,0
DA:335,0
DA:336,0
DA:340,0
DA:341,0
DA:342,0
DA:344,0
DA:345,0
DA:351,0
DA:356,0
DA:358,0
DA:360,0
DA:361,0
DA:362,0
DA:364,0
DA:365,0
DA:367,0
DA:369,0
DA:373,0
DA:378,0
DA:380,0
DA:382,0
DA:383,0
DA:384,0
DA:385,0
DA:386,0
DA:388,0
DA:393,0
DA:396,0
DA:398,0
DA:400,0
DA:401,0
DA:402,0
DA:404,0
DA:407,0
DA:421,0
DA:428,0
DA:430,0
DA:432,0
DA:434,0
DA:435,0
DA:437,0
DA:442,0
DA:443,0
DA:447,0
DA:451,0
DA:452,0
DA:461,0
DA:462,0
DA:463,0
DA:464,0
DA:469,0
DA:470,0
DA:471,0
DA:472,0
DA:476,0
DA:480,0
DA:484,0
LF:181
LH:13
end_of_record
TN:
SF:/data4/ex-cc/artifacts/src/metrics.rs
FN:144,init
FN:200,track_metrics
FN:238,path_label_for
FN:269,get_pooled
FN:294,refresh_pool_gauges
FN:307,spawn_pool_gauge_refresher
FN:334,render
FNF:7
FNDA:0,init
FNDA:0,track_metrics
FNDA:3,path_label_for
FNDA:2,get_pooled
FNDA:0,refresh_pool_gauges
FNDA:0,spawn_pool_gauge_refresher
FNDA:0,render
DA:144,0
DA:164,0
DA:166,0
DA:167,0
DA:171,0
DA:173,0
DA:174,0
DA:178,0
DA:180,0
DA:181,0
DA:183,0
DA:185,0
DA:187,0
DA:189,0
DA:190,0
DA:200,0
DA:201,0
DA:202,0
DA:203,0
DA:204,0
DA:205,0
DA:207,0
DA:208,0
DA:209,0
DA:211,0
DA:213,0
DA:214,0
DA:215,0
DA:218,0
DA:220,0
DA:221,0
DA:223,0
DA:225,0
DA:238,3
DA:239,3
DA:240,2
DA:242,6
DA:243,2
DA:269,2
DA:273,3
DA:274,5
DA:276,6
DA:277,8
DA:281,4
DA:283,2
DA:294,0
DA:295,0
DA:296,0
DA:297,0
DA:298,0
DA:299,0
DA:307,0
DA:313,0
DA:314,0
DA:316,0
DA:317,0
DA:318,0
DA:320,0
DA:321,0
DA:322,0
DA:323,0
DA:326,0
DA:334,0
DA:335,0
DA:336,0
DA:337,0
DA:338,0
DA:339,0
DA:341,0
LF:69
LH:12
end_of_record
TN:
SF:/data4/ex-cc/artifacts/src/native_pack/parse.rs
FN:138,parse_pack
FN:238,parse_entry_header
FN:275,parse_ofs_delta_offset
FN:312,decompress_zlib
FN:361,loose_oid_hex
FN:381,loose_format_bytes
FN:401,kind_str
FN:411,store_non_delta_entries
FN:461,read_delta_varint
FN:487,apply_delta
FN:586,read_loose_inflated
FN:631,store_with_full_resolution
FN:737,hex_oid
FN:752,store_with_ref_delta_resolution
FNF:14
FNDA:2,parse_pack
FNDA:2,parse_entry_header
FNDA:2,parse_ofs_delta_offset
FNDA:3,decompress_zlib
FNDA:2,loose_oid_hex
FNDA:2,loose_format_bytes
FNDA:2,kind_str
FNDA:2,store_non_delta_entries
FNDA:2,read_delta_varint
FNDA:6,apply_delta
FNDA:3,read_loose_inflated
FNDA:5,store_with_full_resolution
FNDA:2,hex_oid
FNDA:3,store_with_ref_delta_resolution
DA:138,2
DA:139,2
DA:140,2
DA:142,2
DA:145,5
DA:146,2
DA:147,2
DA:152,5
DA:153,2
DA:154,2
DA:159,4
DA:161,2
DA:162,5
DA:164,9
DA:165,6
DA:166,3
DA:168,0
DA:170,4
DA:175,3
DA:176,4
DA:181,3
DA:182,2
DA:183,2
DA:184,2
DA:185,0
DA:187,4
DA:188,0
DA:192,2
DA:193,4
DA:194,2
DA:198,4
DA:199,0
DA:200,0
DA:204,2
DA:207,0
DA:208,0
DA:217,3
DA:219,0
DA:223,2
DA:225,4
DA:227,2
DA:228,2
DA:232,4
DA:238,2
DA:239,2
DA:240,0
DA:242,10
DA:243,4
DA:244,6
DA:245,4
DA:246,6
DA:247,5
DA:248,4
DA:249,2
DA:250,0
DA:251,0
DA:254,7
DA:255,7
DA:256,7
DA:257,7
DA:258,4
DA:259,0
DA:260,0
DA:264,2
DA:275,2
DA:276,2
DA:277,0
DA:279,2
DA:280,4
DA:281,4
DA:282,2
DA:283,5
DA:284,2
DA:285,0
DA:286,0
DA:289,4
DA:290,5
DA:291,3
DA:293,6
DA:294,0
DA:295,3
DA:297,2
DA:312,3
DA:314,3
DA:317,6
DA:319,6
DA:320,3
DA:321,3
DA:323,3
DA:324,3
DA:326,2
DA:327,4
DA:328,0
DA:332,2
DA:333,4
DA:337,2
DA:342,0
DA:343,0
DA:344,0
DA:345,0
DA:346,0
DA:353,4
DA:354,2
DA:355,2
DA:361,2
DA:363,2
DA:364,3
DA:365,5
DA:366,2
DA:367,2
DA:368,2
DA:369,6
DA:371,4
DA:376,2
DA:381,2
DA:385,2
DA:387,6
DA:388,5
DA:389,0
DA:390,3
DA:391,0
DA:392,3
DA:393,0
DA:395,3
DA:401,2
DA:402,2
DA:411,2
DA:416,2
DA:417,3
DA:418,5
DA:419,2
DA:420,2
DA:421,4
DA:422,4
DA:423,4
DA:424,2
DA:426,0
DA:427,4
DA:428,0
DA:433,2
DA:461,2
DA:462,2
DA:463,7
DA:464,7
DA:466,7
DA:467,0
DA:471,14
DA:472,14
DA:473,13
DA:474,2
DA:475,8
DA:477,4
DA:478,2
DA:479,0
DA:487,6
DA:488,6
DA:489,5
DA:490,2
DA:492,2
DA:495,2
DA:496,4
DA:498,4
DA:499,0
DA:504,2
DA:505,2
DA:509,4
DA:511,4
DA:512,8
DA:513,7
DA:514,4
DA:516,2
DA:517,4
DA:518,6
DA:519,2
DA:520,0
DA:522,4
DA:523,4
DA:526,2
DA:527,2
DA:528,6
DA:529,2
DA:530,0
DA:532,4
DA:533,4
DA:536,2
DA:538,0
DA:540,2
DA:541,2
DA:542,2
DA:543,0
DA:545,0
DA:548,5
DA:551,2
DA:552,2
DA:553,0
DA:554,0
DA:557,4
DA:558,0
DA:560,0
DA:563,4
DA:564,2
DA:568,4
DA:569,0
DA:571,0
DA:575,2
DA:586,3
DA:591,2
DA:592,2
DA:594,4
DA:595,2
DA:596,5
DA:597,0
DA:598,2
DA:600,5
DA:601,0
DA:602,3
DA:603,0
DA:604,3
DA:605,3
DA:607,0
DA:608,0
DA:609,2
DA:610,6
DA:611,9
DA:612,0
DA:613,0
DA:614,0
DA:615,0
DA:619,3
DA:620,3
DA:631,5
DA:638,5
DA:639,4
DA:644,10
DA:647,11
DA:659,4
DA:662,9
DA:663,15
DA:664,5
DA:665,10
DA:666,10
DA:667,10
DA:668,5
DA:669,5
DA:676,4
DA:677,8
DA:680,10
DA:681,4
DA:682,2
DA:683,8
DA:684,4
DA:685,2
DA:687,2
DA:688,2
DA:689,4
DA:691,2
DA:692,6
DA:693,0
DA:695,9
DA:696,2
DA:697,0
DA:698,0
DA:701,2
DA:702,0
DA:703,0
DA:706,2
DA:709,4
DA:710,0
DA:711,0
DA:713,4
DA:714,0
DA:715,4
DA:716,4
DA:717,4
DA:718,2
DA:719,2
DA:721,2
DA:722,0
DA:723,0
DA:724,0
DA:727,2
DA:730,4
DA:737,2
DA:738,2
DA:739,5
DA:741,6
DA:743,3
DA:752,3
DA:757,3
DA:758,2
DA:762,4
DA:763,4
DA:764,2
DA:765,4
DA:766,4
DA:767,2
DA:776,2
DA:779,4
DA:780,2
DA:781,0
DA:785,2
DA:789,4
DA:790,0
DA:795,4
DA:796,4
DA:797,0
DA:798,0
DA:803,0
DA:804,2
DA:805,2
DA:806,6
DA:807,4
DA:811,2
DA:812,5
DA:813,0
DA:814,0
DA:815,2
DA:816,0
DA:818,4
DA:819,0
DA:820,0
DA:826,4
DA:827,4
DA:828,4
DA:829,2
DA:831,2
DA:832,2
DA:834,4
DA:836,2
DA:837,0
DA:838,2
DA:841,0
LF:332
LH:258
end_of_record
TN:
SF:/data4/ex-cc/artifacts/src/native_pack.rs
FN:62,index_pack_into_repo
FN:109,generate_pack
FN:239,parse_oids
FN:257,<impl Display for BoxStdErr>::fmt
FN:263,<impl Error for BoxStdErr>::source
FN:273,empty_pack_bytes
FNF:6
FNDA:0,index_pack_into_repo
FNDA:2,generate_pack
FNDA:2,parse_oids
FNDA:0,<impl Display for BoxStdErr>::fmt
FNDA:0,<impl Error for BoxStdErr>::source
FNDA:2,empty_pack_bytes
DA:62,0
DA:63,0
DA:64,0
DA:66,0
DA:67,0
DA:69,0
DA:70,0
DA:72,0
DA:74,0
DA:88,0
DA:91,0
DA:92,0
DA:93,0
DA:94,0
DA:95,0
DA:99,0
DA:100,0
DA:104,0
DA:109,2
DA:110,2
DA:111,2
DA:114,2
DA:115,0
DA:117,4
DA:122,2
DA:123,4
DA:131,6
DA:132,6
DA:133,4
DA:135,0
DA:137,2
DA:138,6
DA:139,5
DA:140,2
DA:143,2
DA:147,0
DA:153,5
DA:159,2
DA:164,2
DA:181,5
DA:182,4
DA:183,3
DA:185,0
DA:187,8
DA:188,0
DA:190,8
DA:195,3
DA:207,2
DA:208,4
DA:209,3
DA:217,9
DA:218,3
DA:219,0
DA:222,9
DA:225,2
DA:227,2
DA:230,2
DA:233,9
DA:234,6
DA:236,2
DA:239,2
DA:240,2
DA:241,4
DA:242,4
DA:243,0
DA:244,2
DA:246,2
DA:257,0
DA:258,0
DA:263,0
DA:264,0
DA:273,2
DA:274,2
DA:280,2
DA:281,2
DA:282,2
DA:283,2
DA:284,2
DA:285,2
DA:286,2
LF:80
LH:51
end_of_record
TN:
SF:/data4/ex-cc/artifacts/src/object_store/mod.rs
FN:94,ObjectKind::as_str
FN:106,ObjectKind::from_pack_type
FN:179,ObjectStore::exists
FN:198,ObjectStore::ingest_pack
FN:215,ObjectStore::read_object
FN:230,FsObjectStore::new
FN:234,FsObjectStore::loose_path
FN:258,<impl ObjectStore for FsObjectStore>::read_loose
FN:270,<impl ObjectStore for FsObjectStore>::write_loose
FN:334,<impl ObjectStore for FsObjectStore>::list_loose
FN:404,<impl ObjectStore for FsObjectStore>::delete_loose
FN:415,<impl ObjectStore for FsObjectStore>::exists
FN:448,<impl ObjectStore for FsObjectStore>::ingest_pack
FN:468,<impl ObjectStore for FsObjectStore>::read_object
FN:482,read_object_fs_inner
FN:521,record_read_object_metrics
FN:544,gix_kind_to_ours
FN:847,is_hex40_bytes
FN:868,oid_is_valid
FNF:19
FNDA:2,ObjectKind::as_str
FNDA:0,ObjectKind::from_pack_type
FNDA:0,ObjectStore::exists
FNDA:0,ObjectStore::ingest_pack
FNDA:0,ObjectStore::read_object
FNDA:4,FsObjectStore::new
FNDA:2,FsObjectStore::loose_path
FNDA:2,<impl ObjectStore for FsObjectStore>::read_loose
FNDA:2,<impl ObjectStore for FsObjectStore>::write_loose
FNDA:5,<impl ObjectStore for FsObjectStore>::list_loose
FNDA:2,<impl ObjectStore for FsObjectStore>::delete_loose
FNDA:2,<impl ObjectStore for FsObjectStore>::exists
FNDA:0,<impl ObjectStore for FsObjectStore>::ingest_pack
FNDA:0,<impl ObjectStore for FsObjectStore>::read_object
FNDA:0,read_object_fs_inner
FNDA:0,record_read_object_metrics
FNDA:0,gix_kind_to_ours
FNDA:2,is_hex40_bytes
FNDA:2,oid_is_valid
DA:94,2
DA:95,2
DA:96,2
DA:97,2
DA:98,2
DA:99,0
DA:106,0
DA:107,0
DA:108,0
DA:109,0
DA:110,0
DA:111,0
DA:112,0
DA:179,0
DA:180,0
DA:198,0
DA:199,0
DA:200,0
DA:215,0
DA:216,0
DA:217,0
DA:230,4
DA:231,4
DA:234,2
DA:242,2
DA:243,2
DA:244,0
DA:246,2
DA:248,14
DA:249,2
DA:258,2
DA:259,2
DA:260,2
DA:261,0
DA:263,4
DA:264,2
DA:265,6
DA:266,0
DA:270,2
DA:271,2
DA:273,0
DA:277,6
DA:278,2
DA:280,5
DA:281,5
DA:298,8
DA:299,7
DA:301,6
DA:302,3
DA:305,5
DA:307,6
DA:308,7
DA:310,2
DA:312,3
DA:319,20
DA:320,13
DA:322,2
DA:324,0
DA:328,0
DA:329,0
DA:334,5
DA:335,2
DA:336,5
DA:337,7
DA:338,2
DA:341,2
DA:343,11
DA:344,8
DA:345,4
DA:350,13
DA:353,3
DA:354,7
DA:355,4
DA:358,10
DA:359,11
DA:360,3
DA:363,14
DA:366,4
DA:374,7
DA:375,3
DA:376,0
DA:377,0
DA:384,7
DA:385,4
DA:388,3
DA:391,7
DA:392,7
DA:394,4
DA:395,4
DA:396,3
DA:401,3
DA:404,2
DA:405,2
DA:407,0
DA:408,4
DA:409,2
DA:410,6
DA:411,0
DA:415,2
DA:419,2
DA:420,4
DA:421,2
DA:424,0
DA:431,2
DA:432,6
DA:433,0
DA:435,6
DA:436,3
DA:439,0
DA:441,6
DA:442,3
DA:443,0
DA:445,5
DA:448,0
DA:455,0
DA:456,0
DA:458,0
DA:459,0
DA:465,0
DA:468,0
DA:475,0
DA:476,0
DA:477,0
DA:478,0
DA:482,0
DA:487,0
DA:490,0
DA:491,0
DA:493,0
DA:494,0
DA:495,0
DA:497,0
DA:498,0
DA:499,0
DA:501,0
DA:502,0
DA:503,0
DA:505,0
DA:506,0
DA:509,0
DA:510,0
DA:512,0
DA:521,0
DA:526,0
DA:527,0
DA:528,0
DA:529,0
DA:531,0
DA:534,0
DA:537,0
DA:541,0
DA:544,0
DA:545,0
DA:546,0
DA:547,0
DA:548,0
DA:549,0
DA:847,2
DA:848,3
DA:849,2
DA:851,2
DA:852,7
DA:853,5
DA:855,5
DA:857,2
DA:858,0
DA:860,3
DA:862,2
DA:868,2
DA:869,2
LF:170
LH:94
end_of_record
TN:
SF:/data4/ex-cc/artifacts/src/ownership.rs
FN:82,OwnershipStore::list_paginated
FN:96,OwnershipStore::count_all
FN:112,OwnershipStore::list_paginated_by_owner
FN:137,OwnershipStore::probe_write
FN:174,now_secs
FN:195,row_to_repo_row
FN:225,<impl OwnershipStore for SqliteOwnershipStore>::record_owner
FN:235,<impl OwnershipStore for SqliteOwnershipStore>::get_owner
FN:260,<impl OwnershipStore for SqliteOwnershipStore>::delete
FN:266,<impl OwnershipStore for SqliteOwnershipStore>::count_by_owner
FN:276,<impl OwnershipStore for SqliteOwnershipStore>::list_all
FN:299,<impl OwnershipStore for SqliteOwnershipStore>::list_paginated
FN:323,<impl OwnershipStore for SqliteOwnershipStore>::count_all
FN:332,<impl OwnershipStore for SqliteOwnershipStore>::probe_write
FN:342,<impl OwnershipStore for SqliteOwnershipStore>::list_by_owner
FN:366,<impl OwnershipStore for SqliteOwnershipStore>::list_paginated_by_owner
FN:399,<impl OwnershipStore for SqliteOwnershipStore>::get_row
FN:422,check_repo_quota
FN:451,refresh_repos_gauge
FN:462,spawn_repos_gauge_refresher
FN:491,enforce_owner
FNF:21
FNDA:0,OwnershipStore::list_paginated
FNDA:0,OwnershipStore::count_all
FNDA:0,OwnershipStore::list_paginated_by_owner
FNDA:19,OwnershipStore::probe_write
FNDA:2,now_secs
FNDA:2,row_to_repo_row
FNDA:12,<impl OwnershipStore for SqliteOwnershipStore>::record_owner
FNDA:16,<impl OwnershipStore for SqliteOwnershipStore>::get_owner
FNDA:13,<impl OwnershipStore for SqliteOwnershipStore>::delete
FNDA:13,<impl OwnershipStore for SqliteOwnershipStore>::count_by_owner
FNDA:12,<impl OwnershipStore for SqliteOwnershipStore>::list_all
FNDA:14,<impl OwnershipStore for SqliteOwnershipStore>::list_paginated
FNDA:12,<impl OwnershipStore for SqliteOwnershipStore>::count_all
FNDA:0,<impl OwnershipStore for SqliteOwnershipStore>::probe_write
FNDA:12,<impl OwnershipStore for SqliteOwnershipStore>::list_by_owner
FNDA:10,<impl OwnershipStore for SqliteOwnershipStore>::list_paginated_by_owner
FNDA:12,<impl OwnershipStore for SqliteOwnershipStore>::get_row
FNDA:2,check_repo_quota
FNDA:0,refresh_repos_gauge
FNDA:0,spawn_repos_gauge_refresher
FNDA:2,enforce_owner
DA:82,0
DA:83,0
DA:84,0
DA:85,0
DA:86,0
DA:88,0
DA:89,0
DA:96,0
DA:97,0
DA:112,0
DA:118,0
DA:119,0
DA:120,0
DA:121,0
DA:123,0
DA:124,0
DA:137,19
DA:138,3
DA:174,2
DA:175,2
DA:177,4
DA:195,2
DA:196,4
DA:197,2
DA:198,0
DA:199,0
DA:200,0
DA:203,4
DA:204,4
DA:205,2
DA:206,0
DA:207,0
DA:211,0
DA:214,2
DA:216,2
DA:217,2
DA:218,2
DA:225,12
DA:226,2
DA:227,5
DA:230,6
DA:232,2
DA:235,16
DA:236,2
DA:237,5
DA:238,5
DA:239,5
DA:240,2
DA:243,4
DA:244,4
DA:245,4
DA:246,2
DA:247,0
DA:248,0
DA:252,0
DA:255,2
DA:257,2
DA:260,13
DA:261,2
DA:262,4
DA:263,2
DA:266,13
DA:267,3
DA:268,5
DA:270,5
DA:271,5
DA:272,2
DA:273,3
DA:276,12
DA:277,2
DA:278,4
DA:283,6
DA:284,2
DA:285,5
DA:286,4
DA:287,2
DA:289,2
DA:290,8
DA:291,4
DA:292,4
DA:293,4
DA:296,2
DA:299,14
DA:300,4
DA:301,6
DA:307,8
DA:308,3
DA:309,5
DA:310,5
DA:311,2
DA:313,2
DA:314,11
DA:315,5
DA:316,5
DA:317,5
DA:320,2
DA:323,12
DA:324,2
DA:325,4
DA:326,4
DA:327,4
DA:328,2
DA:329,2
DA:332,0
DA:333,0
DA:334,0
DA:339,0
DA:342,12
DA:343,2
DA:344,4
DA:350,6
DA:351,2
DA:352,4
DA:353,4
DA:354,2
DA:356,2
DA:357,8
DA:358,4
DA:359,4
DA:360,4
DA:363,2
DA:366,10
DA:372,2
DA:373,4
DA:380,4
DA:381,2
DA:382,2
DA:383,2
DA:384,4
DA:385,4
DA:386,2
DA:389,2
DA:390,8
DA:391,4
DA:392,4
DA:393,4
DA:396,2
DA:399,12
DA:400,2
DA:401,5
DA:403,5
DA:404,5
DA:405,2
DA:407,6
DA:408,5
DA:409,4
DA:410,2
DA:422,2
DA:427,2
DA:428,2
DA:430,4
DA:431,2
DA:432,2
DA:434,6
DA:435,6
DA:436,3
DA:437,2
DA:438,2
DA:439,2
DA:442,2
DA:451,0
DA:452,0
DA:453,0
DA:454,0
DA:462,0
DA:467,0
DA:468,0
DA:472,0
DA:474,0
DA:475,0
DA:476,0
DA:491,2
DA:496,2
DA:497,2
DA:499,4
DA:501,3
DA:502,3
DA:503,6
DA:504,7
DA:505,2
DA:507,2
LF:181
LH:141
end_of_record
TN:
SF:/data4/ex-cc/artifacts/src/pkt_line.rs
FN:60,read
FN:93,PktIter<'a>::new
FN:100,<impl Iterator for PktIter<'a>>::next
FN:126,write_data
FN:143,write_flush
FN:151,write_delim
FNF:6
FNDA:2,read
FNDA:4,PktIter<'a>::new
FNDA:4,<impl Iterator for PktIter<'a>>::next
FNDA:4,write_data
FNDA:2,write_flush
FNDA:4,write_delim
DA:60,2
DA:61,4
DA:62,2
DA:64,2
DA:65,8
DA:66,2
DA:67,2
DA:68,2
DA:69,0
DA:71,0
DA:73,4
DA:74,6
DA:75,2
DA:77,2
DA:78,2
DA:80,4
DA:93,4
DA:100,4
DA:101,2
DA:102,2
DA:104,4
DA:105,2
DA:106,4
DA:107,2
DA:109,0
DA:110,0
DA:111,0
DA:126,4
DA:127,1
DA:133,9
DA:134,0
DA:136,5
DA:138,5
DA:139,5
DA:140,5
DA:143,2
DA:144,2
DA:151,4
DA:152,4
LF:39
LH:33
end_of_record
TN:
SF:/data4/ex-cc/artifacts/src/rate_limit.rs
FN:65,Budget::per_min
FN:96,RateLimiter::with_defaults
FN:111,RateLimiter::check
FN:156,RateLimiter::evict_stale
FN:164,RateLimiter::peek
FN:175,spawn_cleanup
FNF:6
FNDA:0,Budget::per_min
FNDA:2,RateLimiter::with_defaults
FNDA:2,RateLimiter::check
FNDA:2,RateLimiter::evict_stale
FNDA:2,RateLimiter::peek
FNDA:0,spawn_cleanup
DA:65,0
DA:68,0
DA:96,2
DA:98,2
DA:104,2
DA:111,2
DA:112,2
DA:113,2
DA:115,4
DA:118,0
DA:120,4
DA:121,2
DA:122,3
DA:124,2
DA:125,5
DA:126,3
DA:127,2
DA:131,5
DA:132,2
DA:133,3
DA:135,2
DA:138,5
DA:139,2
DA:140,3
DA:143,6
DA:144,3
DA:156,2
DA:157,2
DA:158,4
DA:164,2
DA:165,4
DA:166,2
DA:167,4
DA:175,0
DA:181,0
DA:182,0
DA:184,0
DA:185,0
DA:186,0
LF:39
LH:30
end_of_record
TN:
SF:/data4/ex-cc/artifacts/src/reads/helpers.rs
FN:17,validate_ref_or_sha
FN:32,validate_path
FN:45,is_valid_notes_ref
FN:60,dir_size
FNF:4
FNDA:0,validate_ref_or_sha
FNDA:0,validate_path
FNDA:0,is_valid_notes_ref
FNDA:0,dir_size
DA:17,0
DA:18,0
DA:19,0
DA:21,0
DA:22,0
DA:23,0
DA:28,0
DA:32,0
DA:33,0
DA:34,0
DA:36,0
DA:37,0
DA:39,0
DA:45,0
DA:46,0
DA:47,0
DA:48,0
DA:49,0
DA:50,0
DA:51,0
DA:60,0
DA:61,0
DA:62,0
DA:63,0
DA:64,0
DA:65,0
DA:66,0
DA:68,0
DA:71,0
LF:29
LH:0
end_of_record
TN:
SF:/data4/ex-cc/artifacts/src/reads/mod.rs
FN:51,authorize_read
FN:104,get_repo
FN:185,list_commits
FN:220,parse_log_records
FN:280,list_refs
FN:290,list_refs_native
FN:318,resolve_ref_sha
FN:360,get_tree
FN:471,get_blob
FN:535,resolve_blob_oid
FN:616,get_diff
FN:658,parse_diff
FN:766,parse_hunk_range
FN:793,get_note
FN:841,count_commits_from_head
FN:865,list_forks_of
FN:894,count_forks_of
FNF:17
FNDA:2,authorize_read
FNDA:0,get_repo
FNDA:0,list_commits
FNDA:2,parse_log_records
FNDA:0,list_refs
FNDA:0,list_refs_native
FNDA:0,resolve_ref_sha
FNDA:0,get_tree
FNDA:2,get_blob
FNDA:0,resolve_blob_oid
FNDA:0,get_diff
FNDA:2,parse_diff
FNDA:2,parse_hunk_range
FNDA:0,get_note
FNDA:0,count_commits_from_head
FNDA:5,list_forks_of
FNDA:0,count_forks_of
DA:51,2
DA:58,4
DA:59,2
DA:60,2
DA:61,2
DA:63,2
DA:64,2
DA:65,4
DA:66,4
DA:68,0
DA:69,0
DA:104,0
DA:109,0
DA:110,0
DA:111,0
DA:112,0
DA:114,0
DA:115,0
DA:116,0
DA:117,0
DA:120,0
DA:121,0
DA:123,0
DA:124,0
DA:125,0
DA:128,0
DA:129,0
DA:130,0
DA:131,0
DA:132,0
DA:133,0
DA:134,0
DA:135,0
DA:185,0
DA:191,0
DA:192,0
DA:196,0
DA:197,0
DA:198,0
DA:200,0
DA:202,0
DA:203,0
DA:204,0
DA:205,0
DA:207,0
DA:208,0
DA:209,0
DA:212,0
DA:213,0
DA:215,0
DA:217,0
DA:220,2
DA:221,2
DA:223,8
DA:224,4
DA:227,6
DA:228,4
DA:233,4
DA:234,2
DA:237,4
DA:239,4
DA:240,4
DA:241,4
DA:242,4
DA:243,4
DA:250,2
DA:251,4
DA:254,2
DA:255,2
DA:256,2
DA:257,2
DA:258,2
DA:259,2
DA:261,2
DA:262,2
DA:263,2
DA:265,2
DA:269,2
DA:280,0
DA:285,0
DA:286,0
DA:287,0
DA:290,0
DA:295,0
DA:297,0
DA:298,0
DA:299,0
DA:301,0
DA:304,0
DA:305,0
DA:306,0
DA:307,0
DA:308,0
DA:310,0
DA:311,0
DA:312,0
DA:315,0
DA:318,0
DA:321,0
DA:323,0
DA:325,0
DA:326,0
DA:327,0
DA:329,0
DA:360,0
DA:366,0
DA:367,0
DA:368,0
DA:372,0
DA:374,0
DA:375,0
DA:376,0
DA:377,0
DA:379,0
DA:382,0
DA:383,0
DA:384,0
DA:385,0
DA:392,0
DA:393,0
DA:394,0
DA:395,0
DA:398,0
DA:399,0
DA:402,0
DA:403,0
DA:406,0
DA:407,0
DA:408,0
DA:409,0
DA:410,0
DA:411,0
DA:412,0
DA:414,0
DA:415,0
DA:419,0
DA:420,0
DA:421,0
DA:424,0
DA:425,0
DA:426,0
DA:432,0
DA:433,0
DA:434,0
DA:436,0
DA:437,0
DA:438,0
DA:439,0
DA:445,0
DA:446,0
DA:447,0
DA:448,0
DA:450,0
DA:471,2
DA:477,6
DA:478,0
DA:479,0
DA:480,0
DA:487,0
DA:488,0
DA:489,0
DA:490,0
DA:491,0
DA:493,0
DA:499,0
DA:500,0
DA:501,0
DA:502,0
DA:503,0
DA:505,0
DA:507,0
DA:508,0
DA:509,0
DA:510,0
DA:516,0
DA:524,0
DA:526,0
DA:527,0
DA:535,0
DA:536,0
DA:539,0
DA:541,0
DA:543,0
DA:544,0
DA:545,0
DA:547,0
DA:549,0
DA:550,0
DA:552,0
DA:553,0
DA:554,0
DA:555,0
DA:559,0
DA:616,0
DA:622,0
DA:623,0
DA:628,0
DA:629,0
DA:631,0
DA:633,0
DA:634,0
DA:635,0
DA:637,0
DA:641,0
DA:642,0
DA:644,0
DA:646,0
DA:647,0
DA:648,0
DA:650,0
DA:653,0
DA:654,0
DA:655,0
DA:658,2
DA:659,2
DA:661,4
DA:662,4
DA:663,4
DA:666,4
DA:667,2
DA:671,2
DA:672,6
DA:673,4
DA:675,2
DA:677,2
DA:678,2
DA:680,2
DA:683,2
DA:689,2
DA:690,2
DA:691,4
DA:692,4
DA:696,4
DA:697,8
DA:699,2
DA:700,0
DA:702,2
DA:707,4
DA:708,0
DA:709,0
DA:713,4
DA:714,0
DA:715,0
DA:719,4
DA:720,4
DA:721,0
DA:725,4
DA:726,4
DA:727,2
DA:728,2
DA:733,2
DA:737,4
DA:738,2
DA:739,4
DA:740,2
DA:741,2
DA:742,2
DA:745,0
DA:746,0
DA:747,0
DA:748,0
DA:749,0
DA:752,0
DA:753,0
DA:754,0
DA:755,0
DA:760,6
DA:761,4
DA:763,2
DA:766,2
DA:768,2
DA:769,2
DA:770,2
DA:793,0
DA:799,0
DA:800,0
DA:801,0
DA:802,0
DA:803,0
DA:808,0
DA:809,0
DA:811,0
DA:813,0
DA:814,0
DA:815,0
DA:819,0
DA:820,0
DA:825,0
DA:827,0
DA:828,0
DA:829,0
DA:830,0
DA:841,0
DA:842,0
DA:844,0
DA:845,0
DA:847,0
DA:865,5
DA:870,5
DA:871,13
DA:872,6
DA:873,4
DA:874,9
DA:875,5
DA:878,10
DA:881,2
DA:882,4
DA:885,2
DA:886,4
DA:887,2
DA:891,5
DA:894,0
DA:899,0
LF:313
LH:97
end_of_record
TN:
SF:/data4/ex-cc/artifacts/src/refs.rs
FN:108,RefStore::cas_delete
FN:126,RefStore::list
FN:133,RefStore::read_head
FN:147,FsRefStore::new
FN:151,FsRefStore::repo_path
FN:158,<impl RefStore for FsRefStore>::read
FN:190,<impl RefStore for FsRefStore>::list
FN:202,<impl RefStore for FsRefStore>::read_head
FN:207,<impl RefStore for FsRefStore>::cas_update
FN:240,<impl RefStore for FsRefStore>::cas_delete
FN:455,enumerate_refs
FN:569,head_state
FNF:12
FNDA:0,RefStore::cas_delete
FNDA:0,RefStore::list
FNDA:0,RefStore::read_head
FNDA:2,FsRefStore::new
FNDA:3,FsRefStore::repo_path
FNDA:12,<impl RefStore for FsRefStore>::read
FNDA:12,<impl RefStore for FsRefStore>::list
FNDA:16,<impl RefStore for FsRefStore>::read_head
FNDA:11,<impl RefStore for FsRefStore>::cas_update
FNDA:0,<impl RefStore for FsRefStore>::cas_delete
FNDA:2,enumerate_refs
FNDA:3,head_state
DA:108,0
DA:109,0
DA:126,0
DA:127,0
DA:128,0
DA:133,0
DA:134,0
DA:135,0
DA:147,2
DA:151,3
DA:152,3
DA:158,12
DA:159,2
DA:161,2
DA:162,2
DA:164,2
DA:166,10
DA:167,2
DA:168,2
DA:170,4
DA:171,2
DA:172,0
DA:178,4
DA:179,2
DA:180,0
DA:181,0
DA:185,0
DA:190,12
DA:191,2
DA:192,4
DA:193,4
DA:194,2
DA:196,4
DA:198,10
DA:202,16
DA:203,3
DA:204,6
DA:207,11
DA:214,3
DA:215,10
DA:217,2
DA:218,4
DA:220,4
DA:221,4
DA:225,4
DA:227,13
DA:228,2
DA:229,2
DA:231,0
DA:236,6
DA:237,2
DA:240,0
DA:246,0
DA:251,0
DA:253,0
DA:254,0
DA:256,0
DA:258,0
DA:261,0
DA:262,0
DA:264,0
DA:266,0
DA:268,0
DA:269,0
DA:271,0
DA:276,0
DA:277,0
DA:455,2
DA:457,2
DA:460,2
DA:461,6
DA:462,3
DA:463,6
DA:464,6
DA:470,3
DA:471,4
DA:472,4
DA:476,6
DA:477,4
DA:484,9
DA:485,6
DA:497,6
DA:498,3
DA:504,4
DA:505,4
DA:506,2
DA:507,4
DA:508,4
DA:509,2
DA:512,6
DA:513,4
DA:514,4
DA:515,4
DA:518,4
DA:519,2
DA:522,4
DA:527,6
DA:530,4
DA:531,2
DA:537,4
DA:539,4
DA:542,4
DA:545,2
DA:546,2
DA:547,2
DA:548,2
DA:549,2
DA:550,2
DA:557,4
DA:558,8
DA:559,2
DA:569,3
DA:570,3
DA:571,6
DA:572,6
DA:573,3
DA:574,6
DA:575,3
DA:577,3
DA:578,6
DA:579,6
DA:580,2
DA:584,2
DA:585,4
DA:586,0
DA:587,0
DA:590,0
DA:591,0
DA:592,0
DA:593,0
DA:599,2
DA:600,8
DA:601,0
DA:603,0
LF:134
LH:97
end_of_record
TN:
SF:/data4/ex-cc/artifacts/src/request_id.rs
FN:35,instrument
FN:82,extract_or_generate_id
FNF:2
FNDA:0,instrument
FNDA:2,extract_or_generate_id
DA:35,0
DA:36,0
DA:37,0
DA:38,0
DA:39,0
DA:43,0
DA:52,0
DA:53,0
DA:54,0
DA:55,0
DA:57,0
DA:58,0
DA:59,0
DA:64,0
DA:65,0
DA:66,0
DA:67,0
DA:69,0
DA:71,0
DA:73,0
DA:74,0
DA:82,2
DA:83,2
DA:86,4
DA:88,6
DA:89,2
DA:90,2
DA:91,5
DA:94,8
LF:29
LH:8
end_of_record
TN:
SF:/data4/ex-cc/artifacts/src/rest/admin.rs
FN:33,admin_list_repos
FN:90,admin_get_repo
FN:134,admin_gc_preview
FN:174,admin_gc_run
FN:223,admin_rotate_token
FN:275,admin_rotate_jwt_key
FN:368,admin_rotate_webhook_key
FN:440,admin_audit_stats
FN:459,admin_verify_audit_chain
FN:477,admin_list_audit
FNF:10
FNDA:2,admin_list_repos
FNDA:0,admin_get_repo
FNDA:2,admin_gc_preview
FNDA:0,admin_gc_run
FNDA:0,admin_rotate_token
FNDA:0,admin_rotate_jwt_key
FNDA:0,admin_rotate_webhook_key
FNDA:0,admin_audit_stats
FNDA:0,admin_verify_audit_chain
FNDA:0,admin_list_audit
DA:33,2
DA:38,6
DA:39,4
DA:41,2
DA:44,2
DA:48,2
DA:50,2
DA:51,4
DA:53,2
DA:54,0
DA:61,4
DA:62,4
DA:64,2
DA:65,0
DA:68,0
DA:69,0
DA:70,0
DA:71,0
DA:75,2
DA:76,2
DA:77,2
DA:78,2
DA:79,6
DA:82,2
DA:90,0
DA:95,0
DA:96,0
DA:98,0
DA:101,0
DA:102,0
DA:103,0
DA:106,0
DA:107,0
DA:108,0
DA:109,0
DA:112,0
DA:113,0
DA:115,0
DA:116,0
DA:117,0
DA:118,0
DA:119,0
DA:120,0
DA:123,0
DA:134,2
DA:139,4
DA:140,4
DA:142,2
DA:144,2
DA:145,4
DA:146,2
DA:149,0
DA:150,0
DA:151,0
DA:152,0
DA:154,0
DA:174,0
DA:180,0
DA:181,0
DA:183,0
DA:185,0
DA:186,0
DA:187,0
DA:190,0
DA:191,0
DA:192,0
DA:193,0
DA:194,0
DA:196,0
DA:223,0
DA:227,0
DA:228,0
DA:229,0
DA:231,0
DA:234,0
DA:235,0
DA:236,0
DA:238,0
DA:239,0
DA:275,0
DA:279,0
DA:283,0
DA:284,0
DA:285,0
DA:287,0
DA:289,0
DA:293,0
DA:294,0
DA:298,0
DA:300,0
DA:302,0
DA:304,0
DA:305,0
DA:306,0
DA:311,0
DA:315,0
DA:319,0
DA:322,0
DA:323,0
DA:324,0
DA:326,0
DA:328,0
DA:329,0
DA:330,0
DA:368,0
DA:372,0
DA:373,0
DA:374,0
DA:376,0
DA:378,0
DA:379,0
DA:380,0
DA:389,0
DA:392,0
DA:393,0
DA:394,0
DA:396,0
DA:398,0
DA:399,0
DA:400,0
DA:440,0
DA:444,0
DA:445,0
DA:446,0
DA:459,0
DA:463,0
DA:464,0
DA:465,0
DA:477,0
DA:482,0
DA:483,0
DA:486,0
DA:487,0
DA:488,0
DA:489,0
DA:490,0
DA:491,0
DA:492,0
DA:493,0
DA:495,0
DA:496,0
LF:141
LH:25
end_of_record
TN:
SF:/data4/ex-cc/artifacts/src/rest/health.rs
FN:12,health
FN:35,health_ready
FN:56,drain_response_if_draining
FN:78,probe_stores
FNF:4
FNDA:0,health
FNDA:0,health_ready
FNDA:2,drain_response_if_draining
FNDA:2,probe_stores
DA:12,0
DA:13,0
DA:35,0
DA:38,0
DA:39,0
DA:42,0
DA:43,0
DA:44,0
DA:45,0
DA:47,0
DA:56,2
DA:60,7
DA:61,2
DA:63,2
DA:69,2
DA:78,2
DA:86,5
DA:90,3
DA:92,4
DA:93,8
DA:96,4
DA:97,6
DA:100,7
DA:101,6
DA:109,11
DA:110,8
DA:111,10
DA:114,4
DA:115,7
DA:118,8
DA:119,7
DA:122,3
DA:124,2
DA:126,4
DA:127,2
DA:128,2
DA:129,2
DA:130,8
DA:133,2
DA:134,2
DA:135,2
DA:138,6
DA:139,2
DA:141,7
DA:147,4
DA:149,2
LF:46
LH:36
end_of_record
TN:
SF:/data4/ex-cc/artifacts/src/rest/repos.rs
FN:39,create_repo
FN:124,fork_repo
FN:211,delete_repo
FN:316,list_repos
FNF:4
FNDA:2,create_repo
FNDA:0,fork_repo
FNDA:0,delete_repo
FNDA:2,list_repos
DA:39,2
DA:45,2
DA:46,4
DA:47,2
DA:48,2
DA:49,2
DA:51,2
DA:53,2
DA:54,2
DA:55,2
DA:57,7
DA:60,8
DA:61,4
DA:64,4
DA:65,5
DA:68,2
DA:69,0
DA:70,2
DA:72,13
DA:75,2
DA:76,7
DA:77,10
DA:80,2
DA:81,6
DA:82,4
DA:84,2
DA:86,3
DA:87,2
DA:88,2
DA:89,2
DA:91,4
DA:96,2
DA:97,2
DA:98,2
DA:100,2
DA:101,2
DA:102,2
DA:103,2
DA:124,0
DA:131,0
DA:132,0
DA:133,0
DA:134,0
DA:135,0
DA:137,0
DA:138,0
DA:139,0
DA:140,0
DA:142,0
DA:144,0
DA:145,0
DA:146,0
DA:148,0
DA:149,0
DA:150,0
DA:151,0
DA:152,0
DA:153,0
DA:156,0
DA:157,0
DA:158,0
DA:159,0
DA:160,0
DA:162,0
DA:165,0
DA:166,0
DA:167,0
DA:168,0
DA:171,0
DA:172,0
DA:173,0
DA:175,0
DA:177,0
DA:178,0
DA:179,0
DA:180,0
DA:182,0
DA:184,0
DA:185,0
DA:186,0
DA:188,0
DA:189,0
DA:190,0
DA:191,0
DA:211,0
DA:218,0
DA:219,0
DA:220,0
DA:221,0
DA:222,0
DA:224,0
DA:225,0
DA:226,0
DA:228,0
DA:229,0
DA:230,0
DA:231,0
DA:232,0
DA:236,0
DA:237,0
DA:239,0
DA:240,0
DA:241,0
DA:244,0
DA:245,0
DA:246,0
DA:247,0
DA:248,0
DA:249,0
DA:250,0
DA:253,0
DA:255,0
DA:256,0
DA:257,0
DA:259,0
DA:262,0
DA:264,0
DA:265,0
DA:271,0
DA:273,0
DA:274,0
DA:275,0
DA:282,0
DA:286,0
DA:287,0
DA:288,0
DA:289,0
DA:291,0
DA:293,0
DA:294,0
DA:295,0
DA:296,0
DA:298,0
DA:299,0
DA:316,2
DA:322,2
DA:323,4
DA:324,2
DA:325,2
DA:326,2
DA:328,4
DA:331,2
DA:333,2
DA:337,2
DA:339,4
DA:340,2
DA:341,2
DA:342,6
DA:344,0
DA:345,0
DA:347,0
DA:350,0
DA:351,0
DA:352,0
DA:357,4
DA:358,0
DA:365,4
DA:366,4
DA:368,6
DA:369,4
DA:372,2
DA:373,2
DA:374,2
DA:375,2
DA:379,2
DA:380,2
DA:381,2
DA:382,2
DA:383,6
DA:386,2
LF:170
LH:66
end_of_record
TN:
SF:/data4/ex-cc/artifacts/src/rest/tokens.rs
FN:39,mint_token
FN:117,revoke_token
FN:199,list_tokens
FN:245,rotate_tokens
FNF:4
FNDA:2,mint_token
FNDA:0,revoke_token
FNDA:0,list_tokens
FNDA:0,rotate_tokens
DA:39,2
DA:46,2
DA:47,4
DA:48,2
DA:49,2
DA:50,2
DA:52,2
DA:53,2
DA:54,4
DA:55,2
DA:57,0
DA:58,0
DA:59,0
DA:60,0
DA:61,0
DA:63,0
DA:66,0
DA:67,0
DA:68,0
DA:69,0
DA:70,0
DA:72,0
DA:76,0
DA:78,0
DA:79,0
DA:80,0
DA:81,0
DA:84,0
DA:86,0
DA:87,0
DA:88,0
DA:89,0
DA:90,0
DA:117,0
DA:123,0
DA:124,0
DA:125,0
DA:126,0
DA:127,0
DA:129,0
DA:135,0
DA:138,0
DA:139,0
DA:142,0
DA:144,0
DA:150,0
DA:152,0
DA:153,0
DA:156,0
DA:158,0
DA:160,0
DA:161,0
DA:162,0
DA:163,0
DA:165,0
DA:166,0
DA:199,0
DA:205,0
DA:206,0
DA:207,0
DA:208,0
DA:209,0
DA:211,0
DA:212,0
DA:213,0
DA:215,0
DA:216,0
DA:217,0
DA:218,0
DA:219,0
DA:222,0
DA:225,0
DA:226,0
DA:227,0
DA:245,0
DA:252,0
DA:253,0
DA:254,0
DA:255,0
DA:256,0
DA:258,0
DA:259,0
DA:260,0
DA:261,0
DA:263,0
DA:265,0
DA:266,0
DA:267,0
DA:269,0
DA:270,0
DA:271,0
DA:272,0
DA:275,0
DA:276,0
DA:277,0
DA:279,0
DA:281,0
DA:282,0
DA:283,0
DA:285,0
DA:287,0
DA:289,0
DA:290,0
DA:291,0
DA:292,0
DA:293,0
LF:106
LH:10
end_of_record
TN:
SF:/data4/ex-cc/artifacts/src/rest/webhooks.rs
FN:43,create_webhook
FN:73,list_webhooks
FN:94,delete_webhook
FNF:3
FNDA:3,create_webhook
FNDA:2,list_webhooks
FNDA:2,delete_webhook
DA:43,3
DA:50,2
DA:51,4
DA:52,3
DA:53,3
DA:54,3
DA:56,2
DA:57,4
DA:58,6
DA:59,2
DA:61,4
DA:62,4
DA:63,2
DA:64,2
DA:65,2
DA:66,2
DA:67,2
DA:69,2
DA:73,2
DA:79,2
DA:80,4
DA:81,2
DA:82,2
DA:83,2
DA:85,2
DA:86,4
DA:87,0
DA:89,6
DA:90,6
DA:94,2
DA:100,2
DA:101,4
DA:102,2
DA:103,2
DA:104,2
DA:106,2
DA:107,4
DA:108,0
DA:110,4
DA:111,2
DA:112,2
LF:41
LH:39
end_of_record
TN:
SF:/data4/ex-cc/artifacts/src/rest.rs
FN:203,remote_url
FN:215,require_admin
FN:235,cascade_delete_order
FN:272,list_refs
FN:300,walk_refs
FN:325,dir_size
FNF:6
FNDA:3,remote_url
FNDA:2,require_admin
FNDA:0,cascade_delete_order
FNDA:0,list_refs
FNDA:0,walk_refs
FNDA:2,dir_size
DA:203,3
DA:205,3
DA:206,3
DA:207,0
DA:208,4
DA:209,2
DA:211,0
DA:215,2
DA:218,2
DA:219,2
DA:220,2
DA:221,2
DA:223,2
DA:224,2
DA:228,2
DA:235,0
DA:245,0
DA:246,0
DA:248,0
DA:249,0
DA:250,0
DA:251,0
DA:252,0
DA:253,0
DA:257,0
DA:260,0
DA:262,0
DA:263,0
DA:264,0
DA:266,0
DA:272,0
DA:273,0
DA:274,0
DA:276,0
DA:277,0
DA:278,0
DA:279,0
DA:281,0
DA:284,0
DA:286,0
DA:289,0
DA:290,0
DA:291,0
DA:296,0
DA:297,0
DA:300,0
DA:301,0
DA:302,0
DA:304,0
DA:305,0
DA:306,0
DA:307,0
DA:308,0
DA:309,0
DA:310,0
DA:311,0
DA:312,0
DA:313,0
DA:314,0
DA:315,0
DA:320,0
DA:325,2
DA:326,2
DA:327,2
DA:328,4
DA:329,9
DA:330,6
DA:331,6
DA:332,3
DA:333,6
DA:334,6
DA:335,2
DA:339,2
LF:73
LH:25
end_of_record
TN:
SF:/data4/ex-cc/artifacts/src/secrets.rs
FN:58,<impl Drop for MasterKey>::drop
FN:78,MasterKey::from_bytes
FN:83,MasterKey::random
FN:92,MasterKey::from_base64
FN:110,MasterKey::to_base64
FN:124,MasterKey::load_or_generate
FN:147,MasterKey::cipher
FN:155,seal
FN:170,unseal
FNF:9
FNDA:2,<impl Drop for MasterKey>::drop
FNDA:2,MasterKey::from_bytes
FNDA:3,MasterKey::random
FNDA:2,MasterKey::from_base64
FNDA:2,MasterKey::to_base64
FNDA:2,MasterKey::load_or_generate
FNDA:3,MasterKey::cipher
FNDA:2,seal
FNDA:2,unseal
DA:58,2
DA:63,4
DA:70,2
DA:78,2
DA:83,3
DA:84,3
DA:85,2
DA:86,2
DA:92,2
DA:93,2
DA:95,4
DA:97,4
DA:98,6
DA:99,4
DA:100,2
DA:102,4
DA:105,2
DA:106,4
DA:107,2
DA:110,2
DA:111,2
DA:124,2
DA:125,2
DA:126,0
DA:127,0
DA:129,2
DA:130,2
DA:131,6
DA:132,4
DA:134,2
DA:135,5
DA:136,5
DA:138,6
DA:139,2
DA:144,3
DA:147,3
DA:148,3
DA:155,2
DA:156,2
DA:157,2
DA:158,2
DA:159,5
DA:162,3
DA:163,2
DA:170,2
DA:171,2
DA:172,6
DA:174,4
DA:178,3
DA:181,3
DA:186,0
DA:187,5
DA:188,2
LF:53
LH:50
end_of_record
TN:
SF:/data4/ex-cc/artifacts/src/smart_http.rs
FN:83,git_handler
FN:148,required_scope
FN:164,service_from_query
FN:182,wants_v2
FN:203,native_v2_info_refs
FN:243,info_refs
FN:301,pack_handler
FN:445,native_receive_pack_response
FN:618,apply_ref_update
FN:670,unpack_objects_via_subprocess
FN:709,pkt_line
FNF:11
FNDA:0,git_handler
FNDA:2,required_scope
FNDA:2,service_from_query
FNDA:2,wants_v2
FNDA:2,native_v2_info_refs
FNDA:0,info_refs
FNDA:0,pack_handler
FNDA:2,native_receive_pack_response
FNDA:2,apply_ref_update
FNDA:0,unpack_objects_via_subprocess
FNDA:2,pkt_line
DA:83,0
DA:88,0
DA:89,0
DA:91,0
DA:92,0
DA:93,0
DA:96,0
DA:97,0
DA:98,0
DA:99,0
DA:101,0
DA:102,0
DA:104,0
DA:105,0
DA:106,0
DA:107,0
DA:110,0
DA:111,0
DA:112,0
DA:117,0
DA:119,0
DA:120,0
DA:122,0
DA:127,0
DA:128,0
DA:129,0
DA:135,0
DA:137,0
DA:148,2
DA:149,4
DA:150,2
DA:152,2
DA:153,2
DA:154,2
DA:155,2
DA:159,2
DA:164,2
DA:165,4
DA:166,4
DA:168,4
DA:169,4
DA:170,2
DA:174,2
DA:175,2
DA:182,2
DA:183,2
DA:185,4
DA:186,8
DA:203,2
DA:204,2
DA:206,4
DA:207,2
DA:209,2
DA:210,2
DA:211,2
DA:212,2
DA:213,2
DA:215,2
DA:217,2
DA:218,10
DA:220,2
DA:221,2
DA:222,4
DA:223,0
DA:243,0
DA:249,0
DA:250,0
DA:253,0
DA:257,0
DA:258,0
DA:259,0
DA:260,0
DA:261,0
DA:266,0
DA:268,0
DA:277,0
DA:278,0
DA:279,0
DA:280,0
DA:281,0
DA:283,0
DA:284,0
DA:286,0
DA:287,0
DA:288,0
DA:289,0
DA:301,0
DA:307,0
DA:308,0
DA:309,0
DA:310,0
DA:312,0
DA:314,0
DA:315,0
DA:316,0
DA:317,0
DA:319,0
DA:324,0
DA:325,0
DA:331,0
DA:336,0
DA:337,0
DA:338,0
DA:339,0
DA:345,0
DA:346,0
DA:348,0
DA:349,0
DA:359,0
DA:369,0
DA:370,0
DA:374,0
DA:375,0
DA:376,0
DA:377,0
DA:378,0
DA:382,0
DA:383,0
DA:384,0
DA:385,0
DA:386,0
DA:387,0
DA:389,0
DA:390,0
DA:391,0
DA:392,0
DA:395,0
DA:396,0
DA:397,0
DA:399,0
DA:400,0
DA:405,0
DA:407,0
DA:410,0
DA:411,0
DA:414,0
DA:415,0
DA:417,0
DA:418,0
DA:419,0
DA:420,0
DA:445,2
DA:477,4
DA:478,0
DA:480,5
DA:481,3
DA:482,0
DA:495,0
DA:496,0
DA:497,0
DA:499,0
DA:500,0
DA:501,0
DA:502,0
DA:506,0
DA:507,0
DA:508,0
DA:512,0
DA:513,0
DA:514,0
DA:517,6
DA:518,3
DA:519,6
DA:520,0
DA:522,4
DA:529,3
DA:530,6
DA:533,6
DA:534,4
DA:536,6
DA:537,0
DA:539,10
DA:540,2
DA:541,4
DA:543,6
DA:545,0
DA:549,0
DA:552,4
DA:553,4
DA:558,6
DA:563,4
DA:564,2
DA:565,4
DA:568,8
DA:569,8
DA:570,2
DA:571,0
DA:573,4
DA:577,0
DA:578,0
DA:579,0
DA:582,2
DA:589,4
DA:590,0
DA:593,0
DA:594,0
DA:595,0
DA:596,0
DA:597,0
DA:599,0
DA:600,0
DA:602,2
DA:605,8
DA:611,2
DA:612,4
DA:613,0
DA:618,2
DA:623,4
DA:624,2
DA:625,0
DA:627,4
DA:628,2
DA:629,0
DA:631,4
DA:632,2
DA:633,0
DA:635,4
DA:636,2
DA:637,0
DA:639,4
DA:643,0
DA:644,0
DA:646,4
DA:647,2
DA:649,0
DA:651,6
DA:652,8
DA:654,4
DA:655,2
DA:656,0
DA:660,0
DA:662,0
DA:670,0
DA:671,0
DA:672,0
DA:673,0
DA:674,0
DA:675,0
DA:676,0
DA:679,0
DA:680,0
DA:681,0
DA:682,0
DA:683,0
DA:685,0
DA:686,0
DA:687,0
DA:688,0
DA:690,0
DA:693,0
DA:709,2
DA:710,3
DA:718,5
DA:719,0
DA:721,2
DA:723,3
LF:256
LH:89
end_of_record
TN:
SF:/data4/ex-cc/artifacts/src/storage.rs
FN:30,check_repo_byte_quota
FN:67,new_repo_id
FN:87,validate_repo_id
FN:107,FsStorage::new
FN:138,FsStorage::repo_path
FN:162,path_is_safe_descendant
FN:180,<impl Storage for FsStorage>::exists
FN:195,<impl Storage for FsStorage>::create
FN:215,<impl Storage for FsStorage>::fork
FN:273,<impl Storage for FsStorage>::delete
FN:300,write_bare_repo_layout
FN:346,snapshot_refs_to_packed
FNF:12
FNDA:2,check_repo_byte_quota
FNDA:2,new_repo_id
FNDA:2,validate_repo_id
FNDA:8,FsStorage::new
FNDA:7,FsStorage::repo_path
FNDA:5,path_is_safe_descendant
FNDA:2,<impl Storage for FsStorage>::exists
FNDA:5,<impl Storage for FsStorage>::create
FNDA:2,<impl Storage for FsStorage>::fork
FNDA:0,<impl Storage for FsStorage>::delete
FNDA:5,write_bare_repo_layout
FNDA:2,snapshot_refs_to_packed
DA:30,2
DA:31,2
DA:32,2
DA:34,2
DA:35,4
DA:36,2
DA:37,2
DA:38,2
DA:43,2
DA:67,2
DA:70,3
DA:71,5
DA:72,5
DA:87,2
DA:88,2
DA:89,2
DA:90,2
DA:92,4
DA:94,2
DA:96,2
DA:107,8
DA:108,9
DA:109,18
DA:110,9
DA:138,7
DA:139,3
DA:140,8
DA:143,4
DA:147,0
DA:153,3
DA:162,5
DA:163,3
DA:164,5
DA:165,2
DA:167,8
DA:168,3
DA:170,2
DA:171,0
DA:172,0
DA:173,0
DA:176,5
DA:180,2
DA:181,8
DA:195,5
DA:196,3
DA:197,8
DA:198,0
DA:200,8
DA:203,0
DA:205,7
DA:215,2
DA:216,2
DA:217,4
DA:218,0
DA:220,4
DA:221,4
DA:222,0
DA:229,4
DA:230,2
DA:231,2
DA:232,2
DA:237,2
DA:238,4
DA:241,4
DA:245,2
DA:246,4
DA:250,2
DA:265,2
DA:267,2
DA:273,0
DA:274,0
DA:275,0
DA:276,0
DA:278,0
DA:279,0
DA:300,5
DA:301,2
DA:302,5
DA:303,7
DA:304,7
DA:310,7
DA:316,7
DA:320,7
DA:346,2
DA:354,2
DA:355,0
DA:356,4
DA:358,0
DA:359,4
DA:361,0
DA:363,2
DA:364,6
DA:365,2
DA:366,2
DA:367,0
DA:371,0
DA:375,6
DA:376,2
DA:377,2
DA:378,4
DA:383,2
DA:384,2
DA:391,4
DA:393,2
DA:394,6
DA:395,4
DA:396,2
DA:397,2
DA:398,2
DA:400,2
DA:401,2
LF:111
LH:92
end_of_record
TN:
SF:/data4/ex-cc/artifacts/src/tokens.rs
FN:47,Scope::as_str
FN:54,Scope::parse
FN:136,TokenStore::count_active
FN:149,TokenStore::revoke_all_for_repo
FN:158,TokenStore::list_for_repo
FN:175,TokenStore::probe_write
FN:239,SqliteTokenStore::prune
FN:265,spawn_prune_task
FN:295,refresh_active_token_gauge
FN:309,spawn_active_gauge_refresher
FN:331,<impl TokenStore for SqliteTokenStore>::mint
FN:363,<impl TokenStore for SqliteTokenStore>::lookup
FN:412,<impl TokenStore for SqliteTokenStore>::revoke
FN:424,<impl TokenStore for SqliteTokenStore>::probe_write
FN:434,<impl TokenStore for SqliteTokenStore>::revoke_all_for_repo
FN:451,<impl TokenStore for SqliteTokenStore>::count_active
FN:470,<impl TokenStore for SqliteTokenStore>::list_for_repo
FN:544,random_token
FN:550,sha256_hex
FN:561,now_secs
FNF:20
FNDA:6,Scope::as_str
FNDA:3,Scope::parse
FNDA:0,TokenStore::count_active
FNDA:0,TokenStore::revoke_all_for_repo
FNDA:0,TokenStore::list_for_repo
FNDA:0,TokenStore::probe_write
FNDA:11,SqliteTokenStore::prune
FNDA:0,spawn_prune_task
FNDA:0,refresh_active_token_gauge
FNDA:0,spawn_active_gauge_refresher
FNDA:25,<impl TokenStore for SqliteTokenStore>::mint
FNDA:13,<impl TokenStore for SqliteTokenStore>::lookup
FNDA:16,<impl TokenStore for SqliteTokenStore>::revoke
FNDA:0,<impl TokenStore for SqliteTokenStore>::probe_write
FNDA:16,<impl TokenStore for SqliteTokenStore>::revoke_all_for_repo
FNDA:0,<impl TokenStore for SqliteTokenStore>::count_active
FNDA:14,<impl TokenStore for SqliteTokenStore>::list_for_repo
FNDA:4,random_token
FNDA:5,sha256_hex
FNDA:2,now_secs
DA:47,6
DA:48,5
DA:49,7
DA:50,3
DA:54,3
DA:56,6
DA:57,6
DA:58,0
DA:136,0
DA:137,0
DA:149,0
DA:150,0
DA:151,0
DA:158,0
DA:163,0
DA:164,0
DA:175,0
DA:176,0
DA:239,11
DA:240,6
DA:241,3
DA:242,3
DA:246,6
DA:250,3
DA:252,3
DA:265,0
DA:271,0
DA:272,0
DA:274,0
DA:276,0
DA:277,0
DA:278,0
DA:280,0
DA:281,0
DA:283,0
DA:285,0
DA:295,0
DA:296,0
DA:297,0
DA:298,0
DA:309,0
DA:314,0
DA:315,0
DA:319,0
DA:321,0
DA:322,0
DA:323,0
DA:331,25
DA:338,2
DA:342,7
DA:344,8
DA:345,11
DA:346,8
DA:347,5
DA:348,11
DA:351,5
DA:353,6
DA:354,5
DA:357,9
DA:360,2
DA:363,13
DA:364,2
DA:365,4
DA:366,2
DA:381,4
DA:387,4
DA:388,4
DA:389,2
DA:391,8
DA:392,7
DA:396,5
DA:397,3
DA:398,0
DA:399,0
DA:403,0
DA:406,3
DA:407,2
DA:408,5
DA:412,16
DA:413,2
DA:414,6
DA:415,3
DA:416,6
DA:419,3
DA:421,3
DA:424,0
DA:425,0
DA:426,0
DA:431,0
DA:434,16
DA:435,3
DA:436,3
DA:441,6
DA:446,3
DA:448,3
DA:451,0
DA:452,0
DA:453,0
DA:460,0
DA:464,0
DA:465,0
DA:467,0
DA:470,14
DA:475,2
DA:476,2
DA:477,4
DA:486,4
DA:487,6
DA:488,2
DA:489,4
DA:490,7
DA:491,10
DA:492,10
DA:493,5
DA:494,2
DA:495,5
DA:496,6
DA:497,2
DA:501,4
DA:502,6
DA:503,8
DA:507,7
DA:508,5
DA:509,0
DA:510,0
DA:517,8
DA:518,6
DA:519,3
DA:520,0
DA:521,0
DA:525,0
DA:528,3
DA:530,3
DA:531,8
DA:532,3
DA:533,8
DA:535,4
DA:536,4
DA:537,4
DA:540,5
DA:544,4
DA:545,2
DA:546,3
DA:547,4
DA:550,5
DA:551,4
DA:553,5
DA:554,10
DA:555,9
DA:556,5
DA:558,5
DA:561,2
DA:562,3
DA:564,11
LF:154
LH:102
end_of_record
TN:
SF:/data4/ex-cc/artifacts/src/webhooks.rs
FN:121,WebhookRegistry::rotate_master_key
FN:129,WebhookRegistry::count_active
FN:303,SqliteWebhookRegistry::open
FN:320,SqliteWebhookRegistry::lock
FN:327,SqliteWebhookRegistry::pool
FN:339,SqliteWebhookRegistry::current_key
FN:348,<impl WebhookRegistry for SqliteWebhookRegistry>::add
FN:392,<impl WebhookRegistry for SqliteWebhookRegistry>::list
FN:406,<impl WebhookRegistry for SqliteWebhookRegistry>::remove
FN:419,<impl WebhookRegistry for SqliteWebhookRegistry>::matching
FN:438,<impl WebhookRegistry for SqliteWebhookRegistry>::count_active
FN:462,<impl WebhookRegistry for SqliteWebhookRegistry>::rotate_master_key
FN:514,<impl DeliveryOutbox for SqliteWebhookRegistry>::enqueue_delivery
FN:592,<impl DeliveryOutbox for SqliteWebhookRegistry>::claim_pending_deliveries
FN:703,<impl DeliveryOutbox for SqliteWebhookRegistry>::mark_delivery_retry
FN:720,<impl DeliveryOutbox for SqliteWebhookRegistry>::mark_delivery_finalized
FN:737,<impl DeliveryOutbox for SqliteWebhookRegistry>::prune_finalized
FN:756,now_unix_secs
FN:763,row_to_sub
FN:858,MemRegistry::new
FN:862,MemRegistry::lock
FN:868,<impl WebhookRegistry for MemRegistry>::add
FN:877,<impl WebhookRegistry for MemRegistry>::list
FN:886,<impl WebhookRegistry for MemRegistry>::remove
FN:893,<impl WebhookRegistry for MemRegistry>::matching
FN:906,refresh_active_webhook_gauge
FN:917,spawn_active_gauge_refresher
FN:949,record_dispatcher_lag
FN:965,spawn_dispatcher
FN:998,worker_backoff_secs
FN:1015,spawn_delivery_worker
FN:1058,spawn_prune_task
FN:1088,dispatch_row
FN:1167,finalize_exhausted
FN:1198,publish_event
FN:1225,dispatch_event
FN:1240,legacy_direct_dispatch
FN:1311,sign_body
FN:1327,repo_and_kind
FNF:39
FNDA:0,WebhookRegistry::rotate_master_key
FNDA:0,WebhookRegistry::count_active
FNDA:2,SqliteWebhookRegistry::open
FNDA:4,SqliteWebhookRegistry::lock
FNDA:0,SqliteWebhookRegistry::pool
FNDA:3,SqliteWebhookRegistry::current_key
FNDA:2,<impl WebhookRegistry for SqliteWebhookRegistry>::add
FNDA:2,<impl WebhookRegistry for SqliteWebhookRegistry>::list
FNDA:2,<impl WebhookRegistry for SqliteWebhookRegistry>::remove
FNDA:2,<impl WebhookRegistry for SqliteWebhookRegistry>::matching
FNDA:0,<impl WebhookRegistry for SqliteWebhookRegistry>::count_active
FNDA:2,<impl WebhookRegistry for SqliteWebhookRegistry>::rotate_master_key
FNDA:5,<impl DeliveryOutbox for SqliteWebhookRegistry>::enqueue_delivery
FNDA:2,<impl DeliveryOutbox for SqliteWebhookRegistry>::claim_pending_deliveries
FNDA:2,<impl DeliveryOutbox for SqliteWebhookRegistry>::mark_delivery_retry
FNDA:2,<impl DeliveryOutbox for SqliteWebhookRegistry>::mark_delivery_finalized
FNDA:2,<impl DeliveryOutbox for SqliteWebhookRegistry>::prune_finalized
FNDA:4,now_unix_secs
FNDA:2,row_to_sub
FNDA:4,MemRegistry::new
FNDA:3,MemRegistry::lock
FNDA:2,<impl WebhookRegistry for MemRegistry>::add
FNDA:2,<impl WebhookRegistry for MemRegistry>::list
FNDA:2,<impl WebhookRegistry for MemRegistry>::remove
FNDA:2,<impl WebhookRegistry for MemRegistry>::matching
FNDA:0,refresh_active_webhook_gauge
FNDA:0,spawn_active_gauge_refresher
FNDA:2,record_dispatcher_lag
FNDA:2,spawn_dispatcher
FNDA:0,worker_backoff_secs
FNDA:2,spawn_delivery_worker
FNDA:2,spawn_prune_task
FNDA:2,dispatch_row
FNDA:0,finalize_exhausted
FNDA:2,publish_event
FNDA:0,dispatch_event
FNDA:0,legacy_direct_dispatch
FNDA:3,sign_body
FNDA:2,repo_and_kind
DA:121,0
DA:122,0
DA:129,0
DA:130,0
DA:303,2
DA:307,4
DA:308,2
DA:309,2
DA:310,2
DA:320,4
DA:323,4
DA:327,0
DA:339,3
DA:340,6
DA:342,0
DA:348,2
DA:349,8
DA:350,2
DA:352,4
DA:354,6
DA:356,2
DA:364,4
DA:365,8
DA:366,4
DA:367,2
DA:368,0
DA:369,0
DA:370,0
DA:373,2
DA:376,12
DA:379,5
DA:381,2
DA:389,5
DA:392,2
DA:393,2
DA:394,4
DA:399,4
DA:400,6
DA:401,3
DA:403,4
DA:406,2
DA:407,2
DA:409,4
DA:411,4
DA:414,2
DA:416,2
DA:419,2
DA:426,2
DA:427,2
DA:429,8
DA:431,2
DA:432,6
DA:433,2
DA:438,0
DA:439,0
DA:440,0
DA:443,0
DA:445,0
DA:462,2
DA:464,4
DA:465,4
DA:466,4
DA:467,2
DA:469,5
DA:475,5
DA:476,6
DA:478,2
DA:479,5
DA:480,6
DA:481,0
DA:483,0
DA:486,3
DA:487,0
DA:491,6
DA:492,0
DA:496,6
DA:497,9
DA:499,6
DA:501,3
DA:504,2
DA:508,2
DA:509,2
DA:514,5
DA:526,2
DA:527,4
DA:528,7
DA:534,7
DA:539,6
DA:540,8
DA:541,5
DA:542,3
DA:543,6
DA:544,7
DA:545,7
DA:546,7
DA:550,4
DA:551,4
DA:553,3
DA:554,7
DA:555,7
DA:557,13
DA:565,4
DA:566,0
DA:567,0
DA:568,0
DA:569,0
DA:574,0
DA:577,2
DA:579,8
DA:584,2
DA:586,2
DA:588,4
DA:589,2
DA:592,2
DA:594,2
DA:600,2
DA:615,2
DA:616,4
DA:621,4
DA:630,4
DA:631,4
DA:632,2
DA:633,2
DA:634,3
DA:635,5
DA:636,5
DA:637,6
DA:638,6
DA:639,6
DA:640,6
DA:644,2
DA:645,2
DA:647,4
DA:648,4
DA:649,13
DA:654,8
DA:658,2
DA:664,3
DA:665,0
DA:666,0
DA:667,0
DA:668,0
DA:669,0
DA:673,0
DA:677,0
DA:681,0
DA:684,4
DA:686,3
DA:688,3
DA:689,4
DA:690,3
DA:691,4
DA:692,3
DA:696,4
DA:699,2
DA:700,2
DA:703,2
DA:710,2
DA:711,4
DA:715,2
DA:717,2
DA:720,2
DA:726,2
DA:727,4
DA:728,4
DA:732,2
DA:734,2
DA:737,2
DA:738,2
DA:744,4
DA:748,2
DA:750,2
DA:756,4
DA:757,3
DA:759,7
DA:763,2
DA:767,3
DA:768,5
DA:773,4
DA:774,0
DA:776,5
DA:777,5
DA:778,6
DA:779,6
DA:780,6
DA:794,2
DA:795,2
DA:796,2
DA:797,3
DA:798,6
DA:799,3
DA:801,0
DA:802,0
DA:803,0
DA:804,0
DA:805,0
DA:806,0
DA:807,0
DA:811,3
DA:812,3
DA:814,0
DA:815,0
DA:816,0
DA:817,0
DA:818,0
DA:819,0
DA:820,0
DA:824,5
DA:825,6
DA:826,3
DA:828,0
DA:829,0
DA:832,2
DA:833,6
DA:834,3
DA:840,2
DA:841,2
DA:842,2
DA:843,2
DA:844,2
DA:845,2
DA:858,4
DA:859,4
DA:862,3
DA:863,3
DA:868,2
DA:869,6
DA:870,2
DA:872,3
DA:873,5
DA:874,3
DA:877,2
DA:878,4
DA:881,4
DA:886,2
DA:887,2
DA:888,4
DA:889,6
DA:890,2
DA:893,2
DA:894,4
DA:896,4
DA:897,8
DA:906,0
DA:907,0
DA:908,0
DA:909,0
DA:917,0
DA:922,0
DA:923,0
DA:924,0
DA:926,0
DA:927,0
DA:928,0
DA:949,2
DA:950,4
DA:955,2
DA:965,2
DA:970,4
DA:971,6
DA:972,2
DA:973,12
DA:974,6
DA:975,0
DA:976,0
DA:977,0
DA:981,2
DA:998,0
DA:1000,0
DA:1001,0
DA:1002,0
DA:1015,2
DA:1020,6
DA:1021,4
DA:1022,2
DA:1023,16
DA:1024,2
DA:1025,4
DA:1026,2
DA:1027,0
DA:1028,0
DA:1032,8
DA:1033,4
DA:1042,6
DA:1045,2
DA:1058,2
DA:1064,4
DA:1065,0
DA:1066,0
DA:1068,8
DA:1069,2
DA:1071,6
DA:1073,12
DA:1074,2
DA:1075,4
DA:1076,4
DA:1078,0
DA:1079,0
DA:1082,2
DA:1088,2
DA:1089,4
DA:1090,6
DA:1091,4
DA:1093,10
DA:1094,2
DA:1096,4
DA:1097,4
DA:1098,4
DA:1099,4
DA:1100,2
DA:1101,0
DA:1103,2
DA:1104,2
DA:1105,4
DA:1106,2
DA:1107,4
DA:1109,2
DA:1111,2
DA:1117,0
DA:1119,0
DA:1120,0
DA:1122,0
DA:1123,0
DA:1125,0
DA:1133,0
DA:1134,0
DA:1136,0
DA:1138,0
DA:1142,0
DA:1144,0
DA:1150,0
DA:1152,0
DA:1153,0
DA:1155,0
DA:1156,0
DA:1157,0
DA:1167,0
DA:1172,0
DA:1173,0
DA:1175,0
DA:1179,0
DA:1198,2
DA:1203,2
DA:1204,4
DA:1205,2
DA:1206,4
DA:1207,2
DA:1208,4
DA:1209,0
DA:1212,0
DA:1214,0
DA:1215,0
DA:1219,2
DA:1225,0
DA:1226,0
DA:1227,0
DA:1228,0
DA:1229,0
DA:1233,0
DA:1240,0
DA:1241,0
DA:1242,0
DA:1245,0
DA:1246,0
DA:1249,0
DA:1250,0
DA:1251,0
DA:1252,0
DA:1253,0
DA:1254,0
DA:1255,0
DA:1256,0
DA:1258,0
DA:1259,0
DA:1260,0
DA:1261,0
DA:1262,0
DA:1263,0
DA:1264,0
DA:1265,0
DA:1267,0
DA:1268,0
DA:1269,0
DA:1270,0
DA:1271,0
DA:1272,0
DA:1273,0
DA:1275,0
DA:1277,0
DA:1279,0
DA:1280,0
DA:1282,0
DA:1283,0
DA:1284,0
DA:1290,0
DA:1291,0
DA:1295,0
DA:1297,0
DA:1300,0
DA:1311,3
DA:1312,2
DA:1313,2
DA:1314,2
DA:1315,2
DA:1316,2
DA:1317,2
DA:1318,4
DA:1320,4
DA:1322,2
DA:1327,2
DA:1328,2
DA:1329,2
DA:1330,0
DA:1331,0
LF:414
LH:266
end_of_record
